Start testing: Mar 19 23:37 BRT
----------------------------------------------------------
1/312 Testing: e1_avaliacao_00
1/312 Test: e1_avaliacao_00
Command: "/usr/bin/perl" "-I" "./tests/scripts" "./tests/scripts/tesh" "/home/marina/awesomecompiler/tests/e1//avaliacao_00.tesh"
Directory: /home/marina/awesomecompiler/build
"e1_avaliacao_00" start time: Mar 19 23:37 BRT
Output:
----------------------------------------------------------
Test suite `/home/marina/awesomecompiler/tests/e1//avaliacao_00'
[/home/marina/awesomecompiler/tests/e1//avaliacao_00:5] ./main ./tests/e1/input/nivel0.tokens
Test suite `/home/marina/awesomecompiler/tests/e1//avaliacao_00' OK
<end of output>
Test time =   0.05 sec
----------------------------------------------------------
Test Passed.
"e1_avaliacao_00" end time: Mar 19 23:37 BRT
"e1_avaliacao_00" time elapsed: 00:00:00
----------------------------------------------------------

2/312 Testing: e1_avaliacao_01
2/312 Test: e1_avaliacao_01
Command: "/usr/bin/perl" "-I" "./tests/scripts" "./tests/scripts/tesh" "/home/marina/awesomecompiler/tests/e1//avaliacao_01.tesh"
Directory: /home/marina/awesomecompiler/build
"e1_avaliacao_01" start time: Mar 19 23:37 BRT
Output:
----------------------------------------------------------
Test suite `/home/marina/awesomecompiler/tests/e1//avaliacao_01'
[/home/marina/awesomecompiler/tests/e1//avaliacao_01:5] ./main ./tests/e1/input/nivel1.tokens
Test suite `/home/marina/awesomecompiler/tests/e1//avaliacao_01' OK
<end of output>
Test time =   0.05 sec
----------------------------------------------------------
Test Passed.
"e1_avaliacao_01" end time: Mar 19 23:37 BRT
"e1_avaliacao_01" time elapsed: 00:00:00
----------------------------------------------------------

3/312 Testing: e1_avaliacao_02
3/312 Test: e1_avaliacao_02
Command: "/usr/bin/perl" "-I" "./tests/scripts" "./tests/scripts/tesh" "/home/marina/awesomecompiler/tests/e1//avaliacao_02.tesh"
Directory: /home/marina/awesomecompiler/build
"e1_avaliacao_02" start time: Mar 19 23:37 BRT
Output:
----------------------------------------------------------
Test suite `/home/marina/awesomecompiler/tests/e1//avaliacao_02'
[/home/marina/awesomecompiler/tests/e1//avaliacao_02:5] ./main ./tests/e1/input/nivel2.tokens
Test suite `/home/marina/awesomecompiler/tests/e1//avaliacao_02' OK
<end of output>
Test time =   0.06 sec
----------------------------------------------------------
Test Passed.
"e1_avaliacao_02" end time: Mar 19 23:37 BRT
"e1_avaliacao_02" time elapsed: 00:00:00
----------------------------------------------------------

4/312 Testing: e1_avaliacao_03
4/312 Test: e1_avaliacao_03
Command: "/usr/bin/perl" "-I" "./tests/scripts" "./tests/scripts/tesh" "/home/marina/awesomecompiler/tests/e1//avaliacao_03.tesh"
Directory: /home/marina/awesomecompiler/build
"e1_avaliacao_03" start time: Mar 19 23:37 BRT
Output:
----------------------------------------------------------
Test suite `/home/marina/awesomecompiler/tests/e1//avaliacao_03'
[/home/marina/awesomecompiler/tests/e1//avaliacao_03:5] ./main ./tests/e1/input/nivel3.tokens
Test suite `/home/marina/awesomecompiler/tests/e1//avaliacao_03' OK
<end of output>
Test time =   0.04 sec
----------------------------------------------------------
Test Passed.
"e1_avaliacao_03" end time: Mar 19 23:37 BRT
"e1_avaliacao_03" time elapsed: 00:00:00
----------------------------------------------------------

5/312 Testing: e1_avaliacao_04
5/312 Test: e1_avaliacao_04
Command: "/usr/bin/perl" "-I" "./tests/scripts" "./tests/scripts/tesh" "/home/marina/awesomecompiler/tests/e1//avaliacao_04.tesh"
Directory: /home/marina/awesomecompiler/build
"e1_avaliacao_04" start time: Mar 19 23:37 BRT
Output:
----------------------------------------------------------
Test suite `/home/marina/awesomecompiler/tests/e1//avaliacao_04'
[/home/marina/awesomecompiler/tests/e1//avaliacao_04:5] ./main ./tests/e1/input/nivel4.tokens
Test suite `/home/marina/awesomecompiler/tests/e1//avaliacao_04' OK
<end of output>
Test time =   0.15 sec
----------------------------------------------------------
Test Passed.
"e1_avaliacao_04" end time: Mar 19 23:37 BRT
"e1_avaliacao_04" time elapsed: 00:00:00
----------------------------------------------------------

6/312 Testing: e1_avaliacao_05
6/312 Test: e1_avaliacao_05
Command: "/usr/bin/perl" "-I" "./tests/scripts" "./tests/scripts/tesh" "/home/marina/awesomecompiler/tests/e1//avaliacao_05.tesh"
Directory: /home/marina/awesomecompiler/build
"e1_avaliacao_05" start time: Mar 19 23:37 BRT
Output:
----------------------------------------------------------
Test suite `/home/marina/awesomecompiler/tests/e1//avaliacao_05'
[/home/marina/awesomecompiler/tests/e1//avaliacao_05:5] ./main ./tests/e1/input/nivel5.tokens
Test suite `/home/marina/awesomecompiler/tests/e1//avaliacao_05' OK
<end of output>
Test time =   0.05 sec
----------------------------------------------------------
Test Passed.
"e1_avaliacao_05" end time: Mar 19 23:37 BRT
"e1_avaliacao_05" time elapsed: 00:00:00
----------------------------------------------------------

7/312 Testing: e1_avaliacao_06
7/312 Test: e1_avaliacao_06
Command: "/usr/bin/perl" "-I" "./tests/scripts" "./tests/scripts/tesh" "/home/marina/awesomecompiler/tests/e1//avaliacao_06.tesh"
Directory: /home/marina/awesomecompiler/build
"e1_avaliacao_06" start time: Mar 19 23:37 BRT
Output:
----------------------------------------------------------
Test suite `/home/marina/awesomecompiler/tests/e1//avaliacao_06'
[/home/marina/awesomecompiler/tests/e1//avaliacao_06:5] ./main ./tests/e1/input/nivel6.tokens
Test suite `/home/marina/awesomecompiler/tests/e1//avaliacao_06' OK
<end of output>
Test time =   0.04 sec
----------------------------------------------------------
Test Passed.
"e1_avaliacao_06" end time: Mar 19 23:37 BRT
"e1_avaliacao_06" time elapsed: 00:00:00
----------------------------------------------------------

8/312 Testing: e1_avaliacao_07
8/312 Test: e1_avaliacao_07
Command: "/usr/bin/perl" "-I" "./tests/scripts" "./tests/scripts/tesh" "/home/marina/awesomecompiler/tests/e1//avaliacao_07.tesh"
Directory: /home/marina/awesomecompiler/build
"e1_avaliacao_07" start time: Mar 19 23:37 BRT
Output:
----------------------------------------------------------
Test suite `/home/marina/awesomecompiler/tests/e1//avaliacao_07'
[/home/marina/awesomecompiler/tests/e1//avaliacao_07:5] ./main ./tests/e1/input/nivel7.tokens
Test suite `/home/marina/awesomecompiler/tests/e1//avaliacao_07' OK
<end of output>
Test time =   0.04 sec
----------------------------------------------------------
Test Passed.
"e1_avaliacao_07" end time: Mar 19 23:37 BRT
"e1_avaliacao_07" time elapsed: 00:00:00
----------------------------------------------------------

9/312 Testing: e1_avaliacao_08
9/312 Test: e1_avaliacao_08
Command: "/usr/bin/perl" "-I" "./tests/scripts" "./tests/scripts/tesh" "/home/marina/awesomecompiler/tests/e1//avaliacao_08.tesh"
Directory: /home/marina/awesomecompiler/build
"e1_avaliacao_08" start time: Mar 19 23:37 BRT
Output:
----------------------------------------------------------
Test suite `/home/marina/awesomecompiler/tests/e1//avaliacao_08'
[/home/marina/awesomecompiler/tests/e1//avaliacao_08:5] ./main ./tests/e1/input/nivel8.tokens
Test suite `/home/marina/awesomecompiler/tests/e1//avaliacao_08' OK
<end of output>
Test time =   0.05 sec
----------------------------------------------------------
Test Passed.
"e1_avaliacao_08" end time: Mar 19 23:37 BRT
"e1_avaliacao_08" time elapsed: 00:00:00
----------------------------------------------------------

10/312 Testing: e1_avaliacao_09
10/312 Test: e1_avaliacao_09
Command: "/usr/bin/perl" "-I" "./tests/scripts" "./tests/scripts/tesh" "/home/marina/awesomecompiler/tests/e1//avaliacao_09.tesh"
Directory: /home/marina/awesomecompiler/build
"e1_avaliacao_09" start time: Mar 19 23:37 BRT
Output:
----------------------------------------------------------
Test suite `/home/marina/awesomecompiler/tests/e1//avaliacao_09'
[/home/marina/awesomecompiler/tests/e1//avaliacao_09:5] ./main ./tests/e1/input/nivel9.tokens
Test suite `/home/marina/awesomecompiler/tests/e1//avaliacao_09' OK
<end of output>
Test time =   0.05 sec
----------------------------------------------------------
Test Passed.
"e1_avaliacao_09" end time: Mar 19 23:37 BRT
"e1_avaliacao_09" time elapsed: 00:00:00
----------------------------------------------------------

11/312 Testing: e1_avaliacao_10
11/312 Test: e1_avaliacao_10
Command: "/usr/bin/perl" "-I" "./tests/scripts" "./tests/scripts/tesh" "/home/marina/awesomecompiler/tests/e1//avaliacao_10.tesh"
Directory: /home/marina/awesomecompiler/build
"e1_avaliacao_10" start time: Mar 19 23:37 BRT
Output:
----------------------------------------------------------
Test suite `/home/marina/awesomecompiler/tests/e1//avaliacao_10'
[/home/marina/awesomecompiler/tests/e1//avaliacao_10:5] ./main ./tests/e1/input/nivel10.tokens
Test suite `/home/marina/awesomecompiler/tests/e1//avaliacao_10' OK
<end of output>
Test time =   0.05 sec
----------------------------------------------------------
Test Passed.
"e1_avaliacao_10" end time: Mar 19 23:37 BRT
"e1_avaliacao_10" time elapsed: 00:00:00
----------------------------------------------------------

12/312 Testing: e1_avaliacao_11
12/312 Test: e1_avaliacao_11
Command: "/usr/bin/perl" "-I" "./tests/scripts" "./tests/scripts/tesh" "/home/marina/awesomecompiler/tests/e1//avaliacao_11.tesh"
Directory: /home/marina/awesomecompiler/build
"e1_avaliacao_11" start time: Mar 19 23:37 BRT
Output:
----------------------------------------------------------
Test suite `/home/marina/awesomecompiler/tests/e1//avaliacao_11'
[/home/marina/awesomecompiler/tests/e1//avaliacao_11:5] ./main ./tests/e1/input/nivel11.tokens
Test suite `/home/marina/awesomecompiler/tests/e1//avaliacao_11' OK
<end of output>
Test time =   0.05 sec
----------------------------------------------------------
Test Passed.
"e1_avaliacao_11" end time: Mar 19 23:37 BRT
"e1_avaliacao_11" time elapsed: 00:00:00
----------------------------------------------------------

13/312 Testing: e1_avaliacao_12
13/312 Test: e1_avaliacao_12
Command: "/usr/bin/perl" "-I" "./tests/scripts" "./tests/scripts/tesh" "/home/marina/awesomecompiler/tests/e1//avaliacao_12.tesh"
Directory: /home/marina/awesomecompiler/build
"e1_avaliacao_12" start time: Mar 19 23:37 BRT
Output:
----------------------------------------------------------
Test suite `/home/marina/awesomecompiler/tests/e1//avaliacao_12'
[/home/marina/awesomecompiler/tests/e1//avaliacao_12:5] ./main ./tests/e1/input/nivel12.tokens
Test suite `/home/marina/awesomecompiler/tests/e1//avaliacao_12' OK
<end of output>
Test time =   0.05 sec
----------------------------------------------------------
Test Passed.
"e1_avaliacao_12" end time: Mar 19 23:37 BRT
"e1_avaliacao_12" time elapsed: 00:00:00
----------------------------------------------------------

14/312 Testing: e1_avaliacao_13
14/312 Test: e1_avaliacao_13
Command: "/usr/bin/perl" "-I" "./tests/scripts" "./tests/scripts/tesh" "/home/marina/awesomecompiler/tests/e1//avaliacao_13.tesh"
Directory: /home/marina/awesomecompiler/build
"e1_avaliacao_13" start time: Mar 19 23:37 BRT
Output:
----------------------------------------------------------
Test suite `/home/marina/awesomecompiler/tests/e1//avaliacao_13'
[/home/marina/awesomecompiler/tests/e1//avaliacao_13:5] ./main ./tests/e1/input/nivel13.tokens
Test suite `/home/marina/awesomecompiler/tests/e1//avaliacao_13' OK
<end of output>
Test time =   0.04 sec
----------------------------------------------------------
Test Passed.
"e1_avaliacao_13" end time: Mar 19 23:37 BRT
"e1_avaliacao_13" time elapsed: 00:00:00
----------------------------------------------------------

15/312 Testing: e1_avaliacao_14
15/312 Test: e1_avaliacao_14
Command: "/usr/bin/perl" "-I" "./tests/scripts" "./tests/scripts/tesh" "/home/marina/awesomecompiler/tests/e1//avaliacao_14.tesh"
Directory: /home/marina/awesomecompiler/build
"e1_avaliacao_14" start time: Mar 19 23:37 BRT
Output:
----------------------------------------------------------
Test suite `/home/marina/awesomecompiler/tests/e1//avaliacao_14'
[/home/marina/awesomecompiler/tests/e1//avaliacao_14:5] ./main ./tests/e1/input/nivel14.tokens
Test suite `/home/marina/awesomecompiler/tests/e1//avaliacao_14' OK
<end of output>
Test time =   0.05 sec
----------------------------------------------------------
Test Passed.
"e1_avaliacao_14" end time: Mar 19 23:37 BRT
"e1_avaliacao_14" time elapsed: 00:00:00
----------------------------------------------------------

16/312 Testing: e1_avaliacao_15
16/312 Test: e1_avaliacao_15
Command: "/usr/bin/perl" "-I" "./tests/scripts" "./tests/scripts/tesh" "/home/marina/awesomecompiler/tests/e1//avaliacao_15.tesh"
Directory: /home/marina/awesomecompiler/build
"e1_avaliacao_15" start time: Mar 19 23:37 BRT
Output:
----------------------------------------------------------
Test suite `/home/marina/awesomecompiler/tests/e1//avaliacao_15'
[/home/marina/awesomecompiler/tests/e1//avaliacao_15:5] ./main ./tests/e1/input/nivel15.tokens
Test suite `/home/marina/awesomecompiler/tests/e1//avaliacao_15' OK
<end of output>
Test time =   0.06 sec
----------------------------------------------------------
Test Passed.
"e1_avaliacao_15" end time: Mar 19 23:37 BRT
"e1_avaliacao_15" time elapsed: 00:00:00
----------------------------------------------------------

17/312 Testing: e1_valgrind_00
17/312 Test: e1_valgrind_00
Command: "/usr/bin/perl" "-I" "./tests/scripts" "./tests/scripts/tesh" "/home/marina/awesomecompiler/tests/e1//valgrind_00.tesh"
Directory: /home/marina/awesomecompiler/build
"e1_valgrind_00" start time: Mar 19 23:37 BRT
Output:
----------------------------------------------------------
Test suite `/home/marina/awesomecompiler/tests/e1//valgrind_00'
[/home/marina/awesomecompiler/tests/e1//valgrind_00:6] ./tests/scripts/valgrindtest ./main ./tests/e1/input/nivel0.tokens
(ignoring the output of </home/marina/awesomecompiler/tests/e1//valgrind_00.tesh:6> as requested)
Test suite `/home/marina/awesomecompiler/tests/e1//valgrind_00' OK
<end of output>
Test time =   0.55 sec
----------------------------------------------------------
Test Passed.
"e1_valgrind_00" end time: Mar 19 23:37 BRT
"e1_valgrind_00" time elapsed: 00:00:00
----------------------------------------------------------

18/312 Testing: e1_valgrind_01
18/312 Test: e1_valgrind_01
Command: "/usr/bin/perl" "-I" "./tests/scripts" "./tests/scripts/tesh" "/home/marina/awesomecompiler/tests/e1//valgrind_01.tesh"
Directory: /home/marina/awesomecompiler/build
"e1_valgrind_01" start time: Mar 19 23:37 BRT
Output:
----------------------------------------------------------
Test suite `/home/marina/awesomecompiler/tests/e1//valgrind_01'
[/home/marina/awesomecompiler/tests/e1//valgrind_01:6] ./tests/scripts/valgrindtest ./main ./tests/e1/input/nivel1.tokens
(ignoring the output of </home/marina/awesomecompiler/tests/e1//valgrind_01.tesh:6> as requested)
Test suite `/home/marina/awesomecompiler/tests/e1//valgrind_01' OK
<end of output>
Test time =   0.48 sec
----------------------------------------------------------
Test Passed.
"e1_valgrind_01" end time: Mar 19 23:37 BRT
"e1_valgrind_01" time elapsed: 00:00:00
----------------------------------------------------------

19/312 Testing: e1_valgrind_02
19/312 Test: e1_valgrind_02
Command: "/usr/bin/perl" "-I" "./tests/scripts" "./tests/scripts/tesh" "/home/marina/awesomecompiler/tests/e1//valgrind_02.tesh"
Directory: /home/marina/awesomecompiler/build
"e1_valgrind_02" start time: Mar 19 23:37 BRT
Output:
----------------------------------------------------------
Test suite `/home/marina/awesomecompiler/tests/e1//valgrind_02'
[/home/marina/awesomecompiler/tests/e1//valgrind_02:6] ./tests/scripts/valgrindtest ./main ./tests/e1/input/nivel2.tokens
(ignoring the output of </home/marina/awesomecompiler/tests/e1//valgrind_02.tesh:6> as requested)
Test suite `/home/marina/awesomecompiler/tests/e1//valgrind_02' OK
<end of output>
Test time =   0.59 sec
----------------------------------------------------------
Test Passed.
"e1_valgrind_02" end time: Mar 19 23:37 BRT
"e1_valgrind_02" time elapsed: 00:00:00
----------------------------------------------------------

20/312 Testing: e1_valgrind_03
20/312 Test: e1_valgrind_03
Command: "/usr/bin/perl" "-I" "./tests/scripts" "./tests/scripts/tesh" "/home/marina/awesomecompiler/tests/e1//valgrind_03.tesh"
Directory: /home/marina/awesomecompiler/build
"e1_valgrind_03" start time: Mar 19 23:37 BRT
Output:
----------------------------------------------------------
Test suite `/home/marina/awesomecompiler/tests/e1//valgrind_03'
[/home/marina/awesomecompiler/tests/e1//valgrind_03:6] ./tests/scripts/valgrindtest ./main ./tests/e1/input/nivel3.tokens
(ignoring the output of </home/marina/awesomecompiler/tests/e1//valgrind_03.tesh:6> as requested)
Test suite `/home/marina/awesomecompiler/tests/e1//valgrind_03' OK
<end of output>
Test time =   0.47 sec
----------------------------------------------------------
Test Passed.
"e1_valgrind_03" end time: Mar 19 23:37 BRT
"e1_valgrind_03" time elapsed: 00:00:00
----------------------------------------------------------

21/312 Testing: e1_valgrind_04
21/312 Test: e1_valgrind_04
Command: "/usr/bin/perl" "-I" "./tests/scripts" "./tests/scripts/tesh" "/home/marina/awesomecompiler/tests/e1//valgrind_04.tesh"
Directory: /home/marina/awesomecompiler/build
"e1_valgrind_04" start time: Mar 19 23:37 BRT
Output:
----------------------------------------------------------
Test suite `/home/marina/awesomecompiler/tests/e1//valgrind_04'
[/home/marina/awesomecompiler/tests/e1//valgrind_04:6] ./tests/scripts/valgrindtest ./main ./tests/e1/input/nivel4.tokens
(ignoring the output of </home/marina/awesomecompiler/tests/e1//valgrind_04.tesh:6> as requested)
Test suite `/home/marina/awesomecompiler/tests/e1//valgrind_04' OK
<end of output>
Test time =   0.96 sec
----------------------------------------------------------
Test Passed.
"e1_valgrind_04" end time: Mar 19 23:37 BRT
"e1_valgrind_04" time elapsed: 00:00:00
----------------------------------------------------------

22/312 Testing: e1_valgrind_05
22/312 Test: e1_valgrind_05
Command: "/usr/bin/perl" "-I" "./tests/scripts" "./tests/scripts/tesh" "/home/marina/awesomecompiler/tests/e1//valgrind_05.tesh"
Directory: /home/marina/awesomecompiler/build
"e1_valgrind_05" start time: Mar 19 23:37 BRT
Output:
----------------------------------------------------------
Test suite `/home/marina/awesomecompiler/tests/e1//valgrind_05'
[/home/marina/awesomecompiler/tests/e1//valgrind_05:6] ./tests/scripts/valgrindtest ./main ./tests/e1/input/nivel5.tokens
(ignoring the output of </home/marina/awesomecompiler/tests/e1//valgrind_05.tesh:6> as requested)
Test suite `/home/marina/awesomecompiler/tests/e1//valgrind_05' OK
<end of output>
Test time =   0.52 sec
----------------------------------------------------------
Test Passed.
"e1_valgrind_05" end time: Mar 19 23:37 BRT
"e1_valgrind_05" time elapsed: 00:00:00
----------------------------------------------------------

23/312 Testing: e1_valgrind_06
23/312 Test: e1_valgrind_06
Command: "/usr/bin/perl" "-I" "./tests/scripts" "./tests/scripts/tesh" "/home/marina/awesomecompiler/tests/e1//valgrind_06.tesh"
Directory: /home/marina/awesomecompiler/build
"e1_valgrind_06" start time: Mar 19 23:37 BRT
Output:
----------------------------------------------------------
Test suite `/home/marina/awesomecompiler/tests/e1//valgrind_06'
[/home/marina/awesomecompiler/tests/e1//valgrind_06:6] ./tests/scripts/valgrindtest ./main ./tests/e1/input/nivel6.tokens
(ignoring the output of </home/marina/awesomecompiler/tests/e1//valgrind_06.tesh:6> as requested)
Test suite `/home/marina/awesomecompiler/tests/e1//valgrind_06' OK
<end of output>
Test time =   0.47 sec
----------------------------------------------------------
Test Passed.
"e1_valgrind_06" end time: Mar 19 23:37 BRT
"e1_valgrind_06" time elapsed: 00:00:00
----------------------------------------------------------

24/312 Testing: e1_valgrind_07
24/312 Test: e1_valgrind_07
Command: "/usr/bin/perl" "-I" "./tests/scripts" "./tests/scripts/tesh" "/home/marina/awesomecompiler/tests/e1//valgrind_07.tesh"
Directory: /home/marina/awesomecompiler/build
"e1_valgrind_07" start time: Mar 19 23:37 BRT
Output:
----------------------------------------------------------
Test suite `/home/marina/awesomecompiler/tests/e1//valgrind_07'
[/home/marina/awesomecompiler/tests/e1//valgrind_07:6] ./tests/scripts/valgrindtest ./main ./tests/e1/input/nivel7.tokens
(ignoring the output of </home/marina/awesomecompiler/tests/e1//valgrind_07.tesh:6> as requested)
Test suite `/home/marina/awesomecompiler/tests/e1//valgrind_07' OK
<end of output>
Test time =   0.48 sec
----------------------------------------------------------
Test Passed.
"e1_valgrind_07" end time: Mar 19 23:37 BRT
"e1_valgrind_07" time elapsed: 00:00:00
----------------------------------------------------------

25/312 Testing: e1_valgrind_08
25/312 Test: e1_valgrind_08
Command: "/usr/bin/perl" "-I" "./tests/scripts" "./tests/scripts/tesh" "/home/marina/awesomecompiler/tests/e1//valgrind_08.tesh"
Directory: /home/marina/awesomecompiler/build
"e1_valgrind_08" start time: Mar 19 23:37 BRT
Output:
----------------------------------------------------------
Test suite `/home/marina/awesomecompiler/tests/e1//valgrind_08'
[/home/marina/awesomecompiler/tests/e1//valgrind_08:6] ./tests/scripts/valgrindtest ./main ./tests/e1/input/nivel8.tokens
(ignoring the output of </home/marina/awesomecompiler/tests/e1//valgrind_08.tesh:6> as requested)
Test suite `/home/marina/awesomecompiler/tests/e1//valgrind_08' OK
<end of output>
Test time =   0.49 sec
----------------------------------------------------------
Test Passed.
"e1_valgrind_08" end time: Mar 19 23:37 BRT
"e1_valgrind_08" time elapsed: 00:00:00
----------------------------------------------------------

26/312 Testing: e1_valgrind_09
26/312 Test: e1_valgrind_09
Command: "/usr/bin/perl" "-I" "./tests/scripts" "./tests/scripts/tesh" "/home/marina/awesomecompiler/tests/e1//valgrind_09.tesh"
Directory: /home/marina/awesomecompiler/build
"e1_valgrind_09" start time: Mar 19 23:37 BRT
Output:
----------------------------------------------------------
Test suite `/home/marina/awesomecompiler/tests/e1//valgrind_09'
[/home/marina/awesomecompiler/tests/e1//valgrind_09:6] ./tests/scripts/valgrindtest ./main ./tests/e1/input/nivel9.tokens
(ignoring the output of </home/marina/awesomecompiler/tests/e1//valgrind_09.tesh:6> as requested)
Test suite `/home/marina/awesomecompiler/tests/e1//valgrind_09' OK
<end of output>
Test time =   0.47 sec
----------------------------------------------------------
Test Passed.
"e1_valgrind_09" end time: Mar 19 23:37 BRT
"e1_valgrind_09" time elapsed: 00:00:00
----------------------------------------------------------

27/312 Testing: e1_valgrind_10
27/312 Test: e1_valgrind_10
Command: "/usr/bin/perl" "-I" "./tests/scripts" "./tests/scripts/tesh" "/home/marina/awesomecompiler/tests/e1//valgrind_10.tesh"
Directory: /home/marina/awesomecompiler/build
"e1_valgrind_10" start time: Mar 19 23:37 BRT
Output:
----------------------------------------------------------
Test suite `/home/marina/awesomecompiler/tests/e1//valgrind_10'
[/home/marina/awesomecompiler/tests/e1//valgrind_10:6] ./tests/scripts/valgrindtest ./main ./tests/e1/input/nivel10.tokens
(ignoring the output of </home/marina/awesomecompiler/tests/e1//valgrind_10.tesh:6> as requested)
Test suite `/home/marina/awesomecompiler/tests/e1//valgrind_10' OK
<end of output>
Test time =   0.49 sec
----------------------------------------------------------
Test Passed.
"e1_valgrind_10" end time: Mar 19 23:37 BRT
"e1_valgrind_10" time elapsed: 00:00:00
----------------------------------------------------------

28/312 Testing: e1_valgrind_11
28/312 Test: e1_valgrind_11
Command: "/usr/bin/perl" "-I" "./tests/scripts" "./tests/scripts/tesh" "/home/marina/awesomecompiler/tests/e1//valgrind_11.tesh"
Directory: /home/marina/awesomecompiler/build
"e1_valgrind_11" start time: Mar 19 23:37 BRT
Output:
----------------------------------------------------------
Test suite `/home/marina/awesomecompiler/tests/e1//valgrind_11'
[/home/marina/awesomecompiler/tests/e1//valgrind_11:6] ./tests/scripts/valgrindtest ./main ./tests/e1/input/nivel11.tokens
(ignoring the output of </home/marina/awesomecompiler/tests/e1//valgrind_11.tesh:6> as requested)
Test suite `/home/marina/awesomecompiler/tests/e1//valgrind_11' OK
<end of output>
Test time =   0.49 sec
----------------------------------------------------------
Test Passed.
"e1_valgrind_11" end time: Mar 19 23:37 BRT
"e1_valgrind_11" time elapsed: 00:00:00
----------------------------------------------------------

29/312 Testing: e1_valgrind_12
29/312 Test: e1_valgrind_12
Command: "/usr/bin/perl" "-I" "./tests/scripts" "./tests/scripts/tesh" "/home/marina/awesomecompiler/tests/e1//valgrind_12.tesh"
Directory: /home/marina/awesomecompiler/build
"e1_valgrind_12" start time: Mar 19 23:37 BRT
Output:
----------------------------------------------------------
Test suite `/home/marina/awesomecompiler/tests/e1//valgrind_12'
[/home/marina/awesomecompiler/tests/e1//valgrind_12:6] ./tests/scripts/valgrindtest ./main ./tests/e1/input/nivel12.tokens
(ignoring the output of </home/marina/awesomecompiler/tests/e1//valgrind_12.tesh:6> as requested)
Test suite `/home/marina/awesomecompiler/tests/e1//valgrind_12' OK
<end of output>
Test time =   0.49 sec
----------------------------------------------------------
Test Passed.
"e1_valgrind_12" end time: Mar 19 23:37 BRT
"e1_valgrind_12" time elapsed: 00:00:00
----------------------------------------------------------

30/312 Testing: e1_valgrind_13
30/312 Test: e1_valgrind_13
Command: "/usr/bin/perl" "-I" "./tests/scripts" "./tests/scripts/tesh" "/home/marina/awesomecompiler/tests/e1//valgrind_13.tesh"
Directory: /home/marina/awesomecompiler/build
"e1_valgrind_13" start time: Mar 19 23:37 BRT
Output:
----------------------------------------------------------
Test suite `/home/marina/awesomecompiler/tests/e1//valgrind_13'
[/home/marina/awesomecompiler/tests/e1//valgrind_13:6] ./tests/scripts/valgrindtest ./main ./tests/e1/input/nivel13.tokens
(ignoring the output of </home/marina/awesomecompiler/tests/e1//valgrind_13.tesh:6> as requested)
Test suite `/home/marina/awesomecompiler/tests/e1//valgrind_13' OK
<end of output>
Test time =   0.48 sec
----------------------------------------------------------
Test Passed.
"e1_valgrind_13" end time: Mar 19 23:37 BRT
"e1_valgrind_13" time elapsed: 00:00:00
----------------------------------------------------------

31/312 Testing: e1_valgrind_14
31/312 Test: e1_valgrind_14
Command: "/usr/bin/perl" "-I" "./tests/scripts" "./tests/scripts/tesh" "/home/marina/awesomecompiler/tests/e1//valgrind_14.tesh"
Directory: /home/marina/awesomecompiler/build
"e1_valgrind_14" start time: Mar 19 23:37 BRT
Output:
----------------------------------------------------------
Test suite `/home/marina/awesomecompiler/tests/e1//valgrind_14'
[/home/marina/awesomecompiler/tests/e1//valgrind_14:6] ./tests/scripts/valgrindtest ./main ./tests/e1/input/nivel14.tokens
(ignoring the output of </home/marina/awesomecompiler/tests/e1//valgrind_14.tesh:6> as requested)
Test suite `/home/marina/awesomecompiler/tests/e1//valgrind_14' OK
<end of output>
Test time =   0.49 sec
----------------------------------------------------------
Test Passed.
"e1_valgrind_14" end time: Mar 19 23:37 BRT
"e1_valgrind_14" time elapsed: 00:00:00
----------------------------------------------------------

32/312 Testing: e1_valgrind_15
32/312 Test: e1_valgrind_15
Command: "/usr/bin/perl" "-I" "./tests/scripts" "./tests/scripts/tesh" "/home/marina/awesomecompiler/tests/e1//valgrind_15.tesh"
Directory: /home/marina/awesomecompiler/build
"e1_valgrind_15" start time: Mar 19 23:37 BRT
Output:
----------------------------------------------------------
Test suite `/home/marina/awesomecompiler/tests/e1//valgrind_15'
[/home/marina/awesomecompiler/tests/e1//valgrind_15:6] ./tests/scripts/valgrindtest ./main ./tests/e1/input/nivel15.tokens
(ignoring the output of </home/marina/awesomecompiler/tests/e1//valgrind_15.tesh:6> as requested)
Test suite `/home/marina/awesomecompiler/tests/e1//valgrind_15' OK
<end of output>
Test time =   0.49 sec
----------------------------------------------------------
Test Passed.
"e1_valgrind_15" end time: Mar 19 23:37 BRT
"e1_valgrind_15" time elapsed: 00:00:00
----------------------------------------------------------

End testing: Mar 19 23:37 BRT
