Start testing: Mar 26 23:18 BRT
----------------------------------------------------------
34/345 Testing: e2_avaliacao_certa_01
34/345 Test: e2_avaliacao_certa_01
Command: "/usr/bin/perl" "-I" "./tests/scripts" "./tests/scripts/tesh" "/home/marina/awesomecompiler/tests/e2//avaliacao_certa_01.tesh"
Directory: /home/marina/awesomecompiler
"e2_avaliacao_certa_01" start time: Mar 26 23:18 BRT
Output:
----------------------------------------------------------
Test suite `/home/marina/awesomecompiler/tests/e2//avaliacao_certa_01'
[/home/marina/awesomecompiler/tests/e2//avaliacao_certa_01:2] ./main ./tests/e2/input/certa01.txt
Test suite `/home/marina/awesomecompiler/tests/e2//avaliacao_certa_01' OK
<end of output>
Test time =   0.16 sec
----------------------------------------------------------
Test Passed.
"e2_avaliacao_certa_01" end time: Mar 26 23:18 BRT
"e2_avaliacao_certa_01" time elapsed: 00:00:00
----------------------------------------------------------

35/345 Testing: e2_avaliacao_certa_02
35/345 Test: e2_avaliacao_certa_02
Command: "/usr/bin/perl" "-I" "./tests/scripts" "./tests/scripts/tesh" "/home/marina/awesomecompiler/tests/e2//avaliacao_certa_02.tesh"
Directory: /home/marina/awesomecompiler
"e2_avaliacao_certa_02" start time: Mar 26 23:18 BRT
Output:
----------------------------------------------------------
Test suite `/home/marina/awesomecompiler/tests/e2//avaliacao_certa_02'
[/home/marina/awesomecompiler/tests/e2//avaliacao_certa_02:2] ./main ./tests/e2/input/certa02.txt
Test suite `/home/marina/awesomecompiler/tests/e2//avaliacao_certa_02' OK
<end of output>
Test time =   0.15 sec
----------------------------------------------------------
Test Passed.
"e2_avaliacao_certa_02" end time: Mar 26 23:18 BRT
"e2_avaliacao_certa_02" time elapsed: 00:00:00
----------------------------------------------------------

36/345 Testing: e2_avaliacao_certa_03
36/345 Test: e2_avaliacao_certa_03
Command: "/usr/bin/perl" "-I" "./tests/scripts" "./tests/scripts/tesh" "/home/marina/awesomecompiler/tests/e2//avaliacao_certa_03.tesh"
Directory: /home/marina/awesomecompiler
"e2_avaliacao_certa_03" start time: Mar 26 23:18 BRT
Output:
----------------------------------------------------------
Test suite `/home/marina/awesomecompiler/tests/e2//avaliacao_certa_03'
[/home/marina/awesomecompiler/tests/e2//avaliacao_certa_03:2] ./main ./tests/e2/input/certa03.txt
Test suite `/home/marina/awesomecompiler/tests/e2//avaliacao_certa_03.tesh': NOK (</home/marina/awesomecompiler/tests/e2//avaliacao_certa_03.tesh:2> returned code 1)
Output of </home/marina/awesomecompiler/tests/e2//avaliacao_certa_03.tesh:2> so far:
|| syntax error
||  in line 2
Output of </home/marina/awesomecompiler/tests/e2//avaliacao_certa_03.tesh:2> mismatch:
+ syntax error
+  in line 2
Test suite `/home/marina/awesomecompiler/tests/e2//avaliacao_certa_03.tesh': NOK (</home/marina/awesomecompiler/tests/e2//avaliacao_certa_03.tesh:2> output mismatch)
<end of output>
Test time =   0.17 sec
----------------------------------------------------------
Test Failed.
"e2_avaliacao_certa_03" end time: Mar 26 23:18 BRT
"e2_avaliacao_certa_03" time elapsed: 00:00:00
----------------------------------------------------------

37/345 Testing: e2_avaliacao_certa_04
37/345 Test: e2_avaliacao_certa_04
Command: "/usr/bin/perl" "-I" "./tests/scripts" "./tests/scripts/tesh" "/home/marina/awesomecompiler/tests/e2//avaliacao_certa_04.tesh"
Directory: /home/marina/awesomecompiler
"e2_avaliacao_certa_04" start time: Mar 26 23:18 BRT
Output:
----------------------------------------------------------
Test suite `/home/marina/awesomecompiler/tests/e2//avaliacao_certa_04'
[/home/marina/awesomecompiler/tests/e2//avaliacao_certa_04:2] ./main ./tests/e2/input/certa04.txt
Test suite `/home/marina/awesomecompiler/tests/e2//avaliacao_certa_04.tesh': NOK (</home/marina/awesomecompiler/tests/e2//avaliacao_certa_04.tesh:2> returned code 1)
Output of </home/marina/awesomecompiler/tests/e2//avaliacao_certa_04.tesh:2> so far:
|| syntax error
||  in line 2
Output of </home/marina/awesomecompiler/tests/e2//avaliacao_certa_04.tesh:2> mismatch:
+ syntax error
+  in line 2
Test suite `/home/marina/awesomecompiler/tests/e2//avaliacao_certa_04.tesh': NOK (</home/marina/awesomecompiler/tests/e2//avaliacao_certa_04.tesh:2> output mismatch)
<end of output>
Test time =   0.16 sec
----------------------------------------------------------
Test Failed.
"e2_avaliacao_certa_04" end time: Mar 26 23:18 BRT
"e2_avaliacao_certa_04" time elapsed: 00:00:00
----------------------------------------------------------

38/345 Testing: e2_avaliacao_certa_05
38/345 Test: e2_avaliacao_certa_05
Command: "/usr/bin/perl" "-I" "./tests/scripts" "./tests/scripts/tesh" "/home/marina/awesomecompiler/tests/e2//avaliacao_certa_05.tesh"
Directory: /home/marina/awesomecompiler
"e2_avaliacao_certa_05" start time: Mar 26 23:18 BRT
Output:
----------------------------------------------------------
Test suite `/home/marina/awesomecompiler/tests/e2//avaliacao_certa_05'
[/home/marina/awesomecompiler/tests/e2//avaliacao_certa_05:2] ./main ./tests/e2/input/certa05.txt
Test suite `/home/marina/awesomecompiler/tests/e2//avaliacao_certa_05.tesh': NOK (</home/marina/awesomecompiler/tests/e2//avaliacao_certa_05.tesh:2> returned code 1)
Output of </home/marina/awesomecompiler/tests/e2//avaliacao_certa_05.tesh:2> so far:
|| syntax error
||  in line 4
Output of </home/marina/awesomecompiler/tests/e2//avaliacao_certa_05.tesh:2> mismatch:
+ syntax error
+  in line 4
Test suite `/home/marina/awesomecompiler/tests/e2//avaliacao_certa_05.tesh': NOK (</home/marina/awesomecompiler/tests/e2//avaliacao_certa_05.tesh:2> output mismatch)
<end of output>
Test time =   0.16 sec
----------------------------------------------------------
Test Failed.
"e2_avaliacao_certa_05" end time: Mar 26 23:18 BRT
"e2_avaliacao_certa_05" time elapsed: 00:00:00
----------------------------------------------------------

39/345 Testing: e2_avaliacao_certa_06
39/345 Test: e2_avaliacao_certa_06
Command: "/usr/bin/perl" "-I" "./tests/scripts" "./tests/scripts/tesh" "/home/marina/awesomecompiler/tests/e2//avaliacao_certa_06.tesh"
Directory: /home/marina/awesomecompiler
"e2_avaliacao_certa_06" start time: Mar 26 23:18 BRT
Output:
----------------------------------------------------------
Test suite `/home/marina/awesomecompiler/tests/e2//avaliacao_certa_06'
[/home/marina/awesomecompiler/tests/e2//avaliacao_certa_06:2] ./main ./tests/e2/input/certa06.txt
Test suite `/home/marina/awesomecompiler/tests/e2//avaliacao_certa_06.tesh': NOK (</home/marina/awesomecompiler/tests/e2//avaliacao_certa_06.tesh:2> returned code 1)
Output of </home/marina/awesomecompiler/tests/e2//avaliacao_certa_06.tesh:2> so far:
|| syntax error
||  in line 2
Output of </home/marina/awesomecompiler/tests/e2//avaliacao_certa_06.tesh:2> mismatch:
+ syntax error
+  in line 2
Test suite `/home/marina/awesomecompiler/tests/e2//avaliacao_certa_06.tesh': NOK (</home/marina/awesomecompiler/tests/e2//avaliacao_certa_06.tesh:2> output mismatch)
<end of output>
Test time =   0.15 sec
----------------------------------------------------------
Test Failed.
"e2_avaliacao_certa_06" end time: Mar 26 23:18 BRT
"e2_avaliacao_certa_06" time elapsed: 00:00:00
----------------------------------------------------------

40/345 Testing: e2_avaliacao_certa_07
40/345 Test: e2_avaliacao_certa_07
Command: "/usr/bin/perl" "-I" "./tests/scripts" "./tests/scripts/tesh" "/home/marina/awesomecompiler/tests/e2//avaliacao_certa_07.tesh"
Directory: /home/marina/awesomecompiler
"e2_avaliacao_certa_07" start time: Mar 26 23:18 BRT
Output:
----------------------------------------------------------
Test suite `/home/marina/awesomecompiler/tests/e2//avaliacao_certa_07'
[/home/marina/awesomecompiler/tests/e2//avaliacao_certa_07:2] ./main ./tests/e2/input/certa07.txt
Test suite `/home/marina/awesomecompiler/tests/e2//avaliacao_certa_07.tesh': NOK (</home/marina/awesomecompiler/tests/e2//avaliacao_certa_07.tesh:2> returned code 1)
Output of </home/marina/awesomecompiler/tests/e2//avaliacao_certa_07.tesh:2> so far:
|| syntax error
||  in line 3
Output of </home/marina/awesomecompiler/tests/e2//avaliacao_certa_07.tesh:2> mismatch:
+ syntax error
+  in line 3
Test suite `/home/marina/awesomecompiler/tests/e2//avaliacao_certa_07.tesh': NOK (</home/marina/awesomecompiler/tests/e2//avaliacao_certa_07.tesh:2> output mismatch)
<end of output>
Test time =   0.18 sec
----------------------------------------------------------
Test Failed.
"e2_avaliacao_certa_07" end time: Mar 26 23:18 BRT
"e2_avaliacao_certa_07" time elapsed: 00:00:00
----------------------------------------------------------

41/345 Testing: e2_avaliacao_certa_08
41/345 Test: e2_avaliacao_certa_08
Command: "/usr/bin/perl" "-I" "./tests/scripts" "./tests/scripts/tesh" "/home/marina/awesomecompiler/tests/e2//avaliacao_certa_08.tesh"
Directory: /home/marina/awesomecompiler
"e2_avaliacao_certa_08" start time: Mar 26 23:18 BRT
Output:
----------------------------------------------------------
Test suite `/home/marina/awesomecompiler/tests/e2//avaliacao_certa_08'
[/home/marina/awesomecompiler/tests/e2//avaliacao_certa_08:2] ./main ./tests/e2/input/certa08.txt
Test suite `/home/marina/awesomecompiler/tests/e2//avaliacao_certa_08.tesh': NOK (</home/marina/awesomecompiler/tests/e2//avaliacao_certa_08.tesh:2> returned code 1)
Output of </home/marina/awesomecompiler/tests/e2//avaliacao_certa_08.tesh:2> so far:
|| syntax error
||  in line 15
Output of </home/marina/awesomecompiler/tests/e2//avaliacao_certa_08.tesh:2> mismatch:
+ syntax error
+  in line 15
Test suite `/home/marina/awesomecompiler/tests/e2//avaliacao_certa_08.tesh': NOK (</home/marina/awesomecompiler/tests/e2//avaliacao_certa_08.tesh:2> output mismatch)
<end of output>
Test time =   0.16 sec
----------------------------------------------------------
Test Failed.
"e2_avaliacao_certa_08" end time: Mar 26 23:18 BRT
"e2_avaliacao_certa_08" time elapsed: 00:00:00
----------------------------------------------------------

42/345 Testing: e2_avaliacao_certa_09
42/345 Test: e2_avaliacao_certa_09
Command: "/usr/bin/perl" "-I" "./tests/scripts" "./tests/scripts/tesh" "/home/marina/awesomecompiler/tests/e2//avaliacao_certa_09.tesh"
Directory: /home/marina/awesomecompiler
"e2_avaliacao_certa_09" start time: Mar 26 23:18 BRT
Output:
----------------------------------------------------------
Test suite `/home/marina/awesomecompiler/tests/e2//avaliacao_certa_09'
[/home/marina/awesomecompiler/tests/e2//avaliacao_certa_09:2] ./main ./tests/e2/input/certa09.txt
Test suite `/home/marina/awesomecompiler/tests/e2//avaliacao_certa_09' OK
<end of output>
Test time =   0.15 sec
----------------------------------------------------------
Test Passed.
"e2_avaliacao_certa_09" end time: Mar 26 23:18 BRT
"e2_avaliacao_certa_09" time elapsed: 00:00:00
----------------------------------------------------------

43/345 Testing: e2_avaliacao_certa_10
43/345 Test: e2_avaliacao_certa_10
Command: "/usr/bin/perl" "-I" "./tests/scripts" "./tests/scripts/tesh" "/home/marina/awesomecompiler/tests/e2//avaliacao_certa_10.tesh"
Directory: /home/marina/awesomecompiler
"e2_avaliacao_certa_10" start time: Mar 26 23:18 BRT
Output:
----------------------------------------------------------
Test suite `/home/marina/awesomecompiler/tests/e2//avaliacao_certa_10'
[/home/marina/awesomecompiler/tests/e2//avaliacao_certa_10:2] ./main ./tests/e2/input/certa10.txt
Test suite `/home/marina/awesomecompiler/tests/e2//avaliacao_certa_10.tesh': NOK (</home/marina/awesomecompiler/tests/e2//avaliacao_certa_10.tesh:2> returned code 1)
Output of </home/marina/awesomecompiler/tests/e2//avaliacao_certa_10.tesh:2> so far:
|| syntax error
||  in line 8
Output of </home/marina/awesomecompiler/tests/e2//avaliacao_certa_10.tesh:2> mismatch:
+ syntax error
+  in line 8
Test suite `/home/marina/awesomecompiler/tests/e2//avaliacao_certa_10.tesh': NOK (</home/marina/awesomecompiler/tests/e2//avaliacao_certa_10.tesh:2> output mismatch)
<end of output>
Test time =   0.15 sec
----------------------------------------------------------
Test Failed.
"e2_avaliacao_certa_10" end time: Mar 26 23:18 BRT
"e2_avaliacao_certa_10" time elapsed: 00:00:00
----------------------------------------------------------

44/345 Testing: e2_avaliacao_certa_11
44/345 Test: e2_avaliacao_certa_11
Command: "/usr/bin/perl" "-I" "./tests/scripts" "./tests/scripts/tesh" "/home/marina/awesomecompiler/tests/e2//avaliacao_certa_11.tesh"
Directory: /home/marina/awesomecompiler
"e2_avaliacao_certa_11" start time: Mar 26 23:18 BRT
Output:
----------------------------------------------------------
Test suite `/home/marina/awesomecompiler/tests/e2//avaliacao_certa_11'
[/home/marina/awesomecompiler/tests/e2//avaliacao_certa_11:2] ./main ./tests/e2/input/certa11.txt
Test suite `/home/marina/awesomecompiler/tests/e2//avaliacao_certa_11.tesh': NOK (</home/marina/awesomecompiler/tests/e2//avaliacao_certa_11.tesh:2> returned code 1)
Output of </home/marina/awesomecompiler/tests/e2//avaliacao_certa_11.tesh:2> so far:
|| syntax error
||  in line 5
Output of </home/marina/awesomecompiler/tests/e2//avaliacao_certa_11.tesh:2> mismatch:
+ syntax error
+  in line 5
Test suite `/home/marina/awesomecompiler/tests/e2//avaliacao_certa_11.tesh': NOK (</home/marina/awesomecompiler/tests/e2//avaliacao_certa_11.tesh:2> output mismatch)
<end of output>
Test time =   0.16 sec
----------------------------------------------------------
Test Failed.
"e2_avaliacao_certa_11" end time: Mar 26 23:18 BRT
"e2_avaliacao_certa_11" time elapsed: 00:00:00
----------------------------------------------------------

45/345 Testing: e2_avaliacao_certa_12
45/345 Test: e2_avaliacao_certa_12
Command: "/usr/bin/perl" "-I" "./tests/scripts" "./tests/scripts/tesh" "/home/marina/awesomecompiler/tests/e2//avaliacao_certa_12.tesh"
Directory: /home/marina/awesomecompiler
"e2_avaliacao_certa_12" start time: Mar 26 23:18 BRT
Output:
----------------------------------------------------------
Test suite `/home/marina/awesomecompiler/tests/e2//avaliacao_certa_12'
[/home/marina/awesomecompiler/tests/e2//avaliacao_certa_12:2] ./main ./tests/e2/input/certa12.txt
Test suite `/home/marina/awesomecompiler/tests/e2//avaliacao_certa_12.tesh': NOK (</home/marina/awesomecompiler/tests/e2//avaliacao_certa_12.tesh:2> returned code 1)
Output of </home/marina/awesomecompiler/tests/e2//avaliacao_certa_12.tesh:2> so far:
|| syntax error
||  in line 5
Output of </home/marina/awesomecompiler/tests/e2//avaliacao_certa_12.tesh:2> mismatch:
+ syntax error
+  in line 5
Test suite `/home/marina/awesomecompiler/tests/e2//avaliacao_certa_12.tesh': NOK (</home/marina/awesomecompiler/tests/e2//avaliacao_certa_12.tesh:2> output mismatch)
<end of output>
Test time =   0.16 sec
----------------------------------------------------------
Test Failed.
"e2_avaliacao_certa_12" end time: Mar 26 23:18 BRT
"e2_avaliacao_certa_12" time elapsed: 00:00:00
----------------------------------------------------------

46/345 Testing: e2_avaliacao_certa_13
46/345 Test: e2_avaliacao_certa_13
Command: "/usr/bin/perl" "-I" "./tests/scripts" "./tests/scripts/tesh" "/home/marina/awesomecompiler/tests/e2//avaliacao_certa_13.tesh"
Directory: /home/marina/awesomecompiler
"e2_avaliacao_certa_13" start time: Mar 26 23:18 BRT
Output:
----------------------------------------------------------
Test suite `/home/marina/awesomecompiler/tests/e2//avaliacao_certa_13'
[/home/marina/awesomecompiler/tests/e2//avaliacao_certa_13:2] ./main ./tests/e2/input/certa13.txt
Test suite `/home/marina/awesomecompiler/tests/e2//avaliacao_certa_13.tesh': NOK (</home/marina/awesomecompiler/tests/e2//avaliacao_certa_13.tesh:2> returned code 1)
Output of </home/marina/awesomecompiler/tests/e2//avaliacao_certa_13.tesh:2> so far:
|| syntax error
||  in line 5
Output of </home/marina/awesomecompiler/tests/e2//avaliacao_certa_13.tesh:2> mismatch:
+ syntax error
+  in line 5
Test suite `/home/marina/awesomecompiler/tests/e2//avaliacao_certa_13.tesh': NOK (</home/marina/awesomecompiler/tests/e2//avaliacao_certa_13.tesh:2> output mismatch)
<end of output>
Test time =   0.15 sec
----------------------------------------------------------
Test Failed.
"e2_avaliacao_certa_13" end time: Mar 26 23:18 BRT
"e2_avaliacao_certa_13" time elapsed: 00:00:00
----------------------------------------------------------

47/345 Testing: e2_avaliacao_certa_14
47/345 Test: e2_avaliacao_certa_14
Command: "/usr/bin/perl" "-I" "./tests/scripts" "./tests/scripts/tesh" "/home/marina/awesomecompiler/tests/e2//avaliacao_certa_14.tesh"
Directory: /home/marina/awesomecompiler
"e2_avaliacao_certa_14" start time: Mar 26 23:18 BRT
Output:
----------------------------------------------------------
Test suite `/home/marina/awesomecompiler/tests/e2//avaliacao_certa_14'
[/home/marina/awesomecompiler/tests/e2//avaliacao_certa_14:2] ./main ./tests/e2/input/certa14.txt
Test suite `/home/marina/awesomecompiler/tests/e2//avaliacao_certa_14.tesh': NOK (</home/marina/awesomecompiler/tests/e2//avaliacao_certa_14.tesh:2> returned code 1)
Output of </home/marina/awesomecompiler/tests/e2//avaliacao_certa_14.tesh:2> so far:
|| syntax error
||  in line 5
Output of </home/marina/awesomecompiler/tests/e2//avaliacao_certa_14.tesh:2> mismatch:
+ syntax error
+  in line 5
Test suite `/home/marina/awesomecompiler/tests/e2//avaliacao_certa_14.tesh': NOK (</home/marina/awesomecompiler/tests/e2//avaliacao_certa_14.tesh:2> output mismatch)
<end of output>
Test time =   0.15 sec
----------------------------------------------------------
Test Failed.
"e2_avaliacao_certa_14" end time: Mar 26 23:18 BRT
"e2_avaliacao_certa_14" time elapsed: 00:00:00
----------------------------------------------------------

48/345 Testing: e2_avaliacao_certa_15
48/345 Test: e2_avaliacao_certa_15
Command: "/usr/bin/perl" "-I" "./tests/scripts" "./tests/scripts/tesh" "/home/marina/awesomecompiler/tests/e2//avaliacao_certa_15.tesh"
Directory: /home/marina/awesomecompiler
"e2_avaliacao_certa_15" start time: Mar 26 23:18 BRT
Output:
----------------------------------------------------------
Test suite `/home/marina/awesomecompiler/tests/e2//avaliacao_certa_15'
[/home/marina/awesomecompiler/tests/e2//avaliacao_certa_15:2] ./main ./tests/e2/input/certa15.txt
Test suite `/home/marina/awesomecompiler/tests/e2//avaliacao_certa_15.tesh': NOK (</home/marina/awesomecompiler/tests/e2//avaliacao_certa_15.tesh:2> returned code 1)
Output of </home/marina/awesomecompiler/tests/e2//avaliacao_certa_15.tesh:2> so far:
|| syntax error
||  in line 5
Output of </home/marina/awesomecompiler/tests/e2//avaliacao_certa_15.tesh:2> mismatch:
+ syntax error
+  in line 5
Test suite `/home/marina/awesomecompiler/tests/e2//avaliacao_certa_15.tesh': NOK (</home/marina/awesomecompiler/tests/e2//avaliacao_certa_15.tesh:2> output mismatch)
<end of output>
Test time =   0.17 sec
----------------------------------------------------------
Test Failed.
"e2_avaliacao_certa_15" end time: Mar 26 23:18 BRT
"e2_avaliacao_certa_15" time elapsed: 00:00:00
----------------------------------------------------------

49/345 Testing: e2_avaliacao_certa_16
49/345 Test: e2_avaliacao_certa_16
Command: "/usr/bin/perl" "-I" "./tests/scripts" "./tests/scripts/tesh" "/home/marina/awesomecompiler/tests/e2//avaliacao_certa_16.tesh"
Directory: /home/marina/awesomecompiler
"e2_avaliacao_certa_16" start time: Mar 26 23:18 BRT
Output:
----------------------------------------------------------
Test suite `/home/marina/awesomecompiler/tests/e2//avaliacao_certa_16'
[/home/marina/awesomecompiler/tests/e2//avaliacao_certa_16:2] ./main ./tests/e2/input/certa16.txt
Test suite `/home/marina/awesomecompiler/tests/e2//avaliacao_certa_16.tesh': NOK (</home/marina/awesomecompiler/tests/e2//avaliacao_certa_16.tesh:2> returned code 1)
Output of </home/marina/awesomecompiler/tests/e2//avaliacao_certa_16.tesh:2> so far:
|| syntax error
||  in line 5
Output of </home/marina/awesomecompiler/tests/e2//avaliacao_certa_16.tesh:2> mismatch:
+ syntax error
+  in line 5
Test suite `/home/marina/awesomecompiler/tests/e2//avaliacao_certa_16.tesh': NOK (</home/marina/awesomecompiler/tests/e2//avaliacao_certa_16.tesh:2> output mismatch)
<end of output>
Test time =   0.16 sec
----------------------------------------------------------
Test Failed.
"e2_avaliacao_certa_16" end time: Mar 26 23:18 BRT
"e2_avaliacao_certa_16" time elapsed: 00:00:00
----------------------------------------------------------

50/345 Testing: e2_avaliacao_certa_17
50/345 Test: e2_avaliacao_certa_17
Command: "/usr/bin/perl" "-I" "./tests/scripts" "./tests/scripts/tesh" "/home/marina/awesomecompiler/tests/e2//avaliacao_certa_17.tesh"
Directory: /home/marina/awesomecompiler
"e2_avaliacao_certa_17" start time: Mar 26 23:18 BRT
Output:
----------------------------------------------------------
Test suite `/home/marina/awesomecompiler/tests/e2//avaliacao_certa_17'
[/home/marina/awesomecompiler/tests/e2//avaliacao_certa_17:2] ./main ./tests/e2/input/certa17.txt
Test suite `/home/marina/awesomecompiler/tests/e2//avaliacao_certa_17.tesh': NOK (</home/marina/awesomecompiler/tests/e2//avaliacao_certa_17.tesh:2> returned code 1)
Output of </home/marina/awesomecompiler/tests/e2//avaliacao_certa_17.tesh:2> so far:
|| syntax error
||  in line 5
Output of </home/marina/awesomecompiler/tests/e2//avaliacao_certa_17.tesh:2> mismatch:
+ syntax error
+  in line 5
Test suite `/home/marina/awesomecompiler/tests/e2//avaliacao_certa_17.tesh': NOK (</home/marina/awesomecompiler/tests/e2//avaliacao_certa_17.tesh:2> output mismatch)
<end of output>
Test time =   0.16 sec
----------------------------------------------------------
Test Failed.
"e2_avaliacao_certa_17" end time: Mar 26 23:18 BRT
"e2_avaliacao_certa_17" time elapsed: 00:00:00
----------------------------------------------------------

51/345 Testing: e2_avaliacao_certa_18
51/345 Test: e2_avaliacao_certa_18
Command: "/usr/bin/perl" "-I" "./tests/scripts" "./tests/scripts/tesh" "/home/marina/awesomecompiler/tests/e2//avaliacao_certa_18.tesh"
Directory: /home/marina/awesomecompiler
"e2_avaliacao_certa_18" start time: Mar 26 23:18 BRT
Output:
----------------------------------------------------------
Test suite `/home/marina/awesomecompiler/tests/e2//avaliacao_certa_18'
[/home/marina/awesomecompiler/tests/e2//avaliacao_certa_18:2] ./main ./tests/e2/input/certa18.txt
Test suite `/home/marina/awesomecompiler/tests/e2//avaliacao_certa_18.tesh': NOK (</home/marina/awesomecompiler/tests/e2//avaliacao_certa_18.tesh:2> returned code 1)
Output of </home/marina/awesomecompiler/tests/e2//avaliacao_certa_18.tesh:2> so far:
|| syntax error
||  in line 5
Output of </home/marina/awesomecompiler/tests/e2//avaliacao_certa_18.tesh:2> mismatch:
+ syntax error
+  in line 5
Test suite `/home/marina/awesomecompiler/tests/e2//avaliacao_certa_18.tesh': NOK (</home/marina/awesomecompiler/tests/e2//avaliacao_certa_18.tesh:2> output mismatch)
<end of output>
Test time =   0.16 sec
----------------------------------------------------------
Test Failed.
"e2_avaliacao_certa_18" end time: Mar 26 23:18 BRT
"e2_avaliacao_certa_18" time elapsed: 00:00:00
----------------------------------------------------------

52/345 Testing: e2_avaliacao_certa_19
52/345 Test: e2_avaliacao_certa_19
Command: "/usr/bin/perl" "-I" "./tests/scripts" "./tests/scripts/tesh" "/home/marina/awesomecompiler/tests/e2//avaliacao_certa_19.tesh"
Directory: /home/marina/awesomecompiler
"e2_avaliacao_certa_19" start time: Mar 26 23:18 BRT
Output:
----------------------------------------------------------
Test suite `/home/marina/awesomecompiler/tests/e2//avaliacao_certa_19'
[/home/marina/awesomecompiler/tests/e2//avaliacao_certa_19:2] ./main ./tests/e2/input/certa19.txt
Test suite `/home/marina/awesomecompiler/tests/e2//avaliacao_certa_19.tesh': NOK (</home/marina/awesomecompiler/tests/e2//avaliacao_certa_19.tesh:2> returned code 1)
Output of </home/marina/awesomecompiler/tests/e2//avaliacao_certa_19.tesh:2> so far:
|| syntax error
||  in line 5
Output of </home/marina/awesomecompiler/tests/e2//avaliacao_certa_19.tesh:2> mismatch:
+ syntax error
+  in line 5
Test suite `/home/marina/awesomecompiler/tests/e2//avaliacao_certa_19.tesh': NOK (</home/marina/awesomecompiler/tests/e2//avaliacao_certa_19.tesh:2> output mismatch)
<end of output>
Test time =   0.16 sec
----------------------------------------------------------
Test Failed.
"e2_avaliacao_certa_19" end time: Mar 26 23:18 BRT
"e2_avaliacao_certa_19" time elapsed: 00:00:00
----------------------------------------------------------

53/345 Testing: e2_avaliacao_certa_20
53/345 Test: e2_avaliacao_certa_20
Command: "/usr/bin/perl" "-I" "./tests/scripts" "./tests/scripts/tesh" "/home/marina/awesomecompiler/tests/e2//avaliacao_certa_20.tesh"
Directory: /home/marina/awesomecompiler
"e2_avaliacao_certa_20" start time: Mar 26 23:18 BRT
Output:
----------------------------------------------------------
Test suite `/home/marina/awesomecompiler/tests/e2//avaliacao_certa_20'
[/home/marina/awesomecompiler/tests/e2//avaliacao_certa_20:2] ./main ./tests/e2/input/certa20.txt
Test suite `/home/marina/awesomecompiler/tests/e2//avaliacao_certa_20.tesh': NOK (</home/marina/awesomecompiler/tests/e2//avaliacao_certa_20.tesh:2> returned code 1)
Output of </home/marina/awesomecompiler/tests/e2//avaliacao_certa_20.tesh:2> so far:
|| syntax error
||  in line 5
Output of </home/marina/awesomecompiler/tests/e2//avaliacao_certa_20.tesh:2> mismatch:
+ syntax error
+  in line 5
Test suite `/home/marina/awesomecompiler/tests/e2//avaliacao_certa_20.tesh': NOK (</home/marina/awesomecompiler/tests/e2//avaliacao_certa_20.tesh:2> output mismatch)
<end of output>
Test time =   0.15 sec
----------------------------------------------------------
Test Failed.
"e2_avaliacao_certa_20" end time: Mar 26 23:18 BRT
"e2_avaliacao_certa_20" time elapsed: 00:00:00
----------------------------------------------------------

54/345 Testing: e2_avaliacao_certa_21
54/345 Test: e2_avaliacao_certa_21
Command: "/usr/bin/perl" "-I" "./tests/scripts" "./tests/scripts/tesh" "/home/marina/awesomecompiler/tests/e2//avaliacao_certa_21.tesh"
Directory: /home/marina/awesomecompiler
"e2_avaliacao_certa_21" start time: Mar 26 23:18 BRT
Output:
----------------------------------------------------------
Test suite `/home/marina/awesomecompiler/tests/e2//avaliacao_certa_21'
[/home/marina/awesomecompiler/tests/e2//avaliacao_certa_21:2] ./main ./tests/e2/input/certa21.txt
Test suite `/home/marina/awesomecompiler/tests/e2//avaliacao_certa_21.tesh': NOK (</home/marina/awesomecompiler/tests/e2//avaliacao_certa_21.tesh:2> returned code 1)
Output of </home/marina/awesomecompiler/tests/e2//avaliacao_certa_21.tesh:2> so far:
|| syntax error
||  in line 2
Output of </home/marina/awesomecompiler/tests/e2//avaliacao_certa_21.tesh:2> mismatch:
+ syntax error
+  in line 2
Test suite `/home/marina/awesomecompiler/tests/e2//avaliacao_certa_21.tesh': NOK (</home/marina/awesomecompiler/tests/e2//avaliacao_certa_21.tesh:2> output mismatch)
<end of output>
Test time =   0.15 sec
----------------------------------------------------------
Test Failed.
"e2_avaliacao_certa_21" end time: Mar 26 23:18 BRT
"e2_avaliacao_certa_21" time elapsed: 00:00:00
----------------------------------------------------------

55/345 Testing: e2_avaliacao_certa_22
55/345 Test: e2_avaliacao_certa_22
Command: "/usr/bin/perl" "-I" "./tests/scripts" "./tests/scripts/tesh" "/home/marina/awesomecompiler/tests/e2//avaliacao_certa_22.tesh"
Directory: /home/marina/awesomecompiler
"e2_avaliacao_certa_22" start time: Mar 26 23:18 BRT
Output:
----------------------------------------------------------
Test suite `/home/marina/awesomecompiler/tests/e2//avaliacao_certa_22'
[/home/marina/awesomecompiler/tests/e2//avaliacao_certa_22:2] ./main ./tests/e2/input/certa22.txt
Test suite `/home/marina/awesomecompiler/tests/e2//avaliacao_certa_22.tesh': NOK (</home/marina/awesomecompiler/tests/e2//avaliacao_certa_22.tesh:2> returned code 1)
Output of </home/marina/awesomecompiler/tests/e2//avaliacao_certa_22.tesh:2> so far:
|| syntax error
||  in line 2
Output of </home/marina/awesomecompiler/tests/e2//avaliacao_certa_22.tesh:2> mismatch:
+ syntax error
+  in line 2
Test suite `/home/marina/awesomecompiler/tests/e2//avaliacao_certa_22.tesh': NOK (</home/marina/awesomecompiler/tests/e2//avaliacao_certa_22.tesh:2> output mismatch)
<end of output>
Test time =   0.15 sec
----------------------------------------------------------
Test Failed.
"e2_avaliacao_certa_22" end time: Mar 26 23:18 BRT
"e2_avaliacao_certa_22" time elapsed: 00:00:00
----------------------------------------------------------

56/345 Testing: e2_avaliacao_certa_23
56/345 Test: e2_avaliacao_certa_23
Command: "/usr/bin/perl" "-I" "./tests/scripts" "./tests/scripts/tesh" "/home/marina/awesomecompiler/tests/e2//avaliacao_certa_23.tesh"
Directory: /home/marina/awesomecompiler
"e2_avaliacao_certa_23" start time: Mar 26 23:18 BRT
Output:
----------------------------------------------------------
Test suite `/home/marina/awesomecompiler/tests/e2//avaliacao_certa_23'
[/home/marina/awesomecompiler/tests/e2//avaliacao_certa_23:2] ./main ./tests/e2/input/certa23.txt
Test suite `/home/marina/awesomecompiler/tests/e2//avaliacao_certa_23.tesh': NOK (</home/marina/awesomecompiler/tests/e2//avaliacao_certa_23.tesh:2> returned code 1)
Output of </home/marina/awesomecompiler/tests/e2//avaliacao_certa_23.tesh:2> so far:
|| syntax error
||  in line 2
Output of </home/marina/awesomecompiler/tests/e2//avaliacao_certa_23.tesh:2> mismatch:
+ syntax error
+  in line 2
Test suite `/home/marina/awesomecompiler/tests/e2//avaliacao_certa_23.tesh': NOK (</home/marina/awesomecompiler/tests/e2//avaliacao_certa_23.tesh:2> output mismatch)
<end of output>
Test time =   0.17 sec
----------------------------------------------------------
Test Failed.
"e2_avaliacao_certa_23" end time: Mar 26 23:18 BRT
"e2_avaliacao_certa_23" time elapsed: 00:00:00
----------------------------------------------------------

57/345 Testing: e2_avaliacao_certa_24
57/345 Test: e2_avaliacao_certa_24
Command: "/usr/bin/perl" "-I" "./tests/scripts" "./tests/scripts/tesh" "/home/marina/awesomecompiler/tests/e2//avaliacao_certa_24.tesh"
Directory: /home/marina/awesomecompiler
"e2_avaliacao_certa_24" start time: Mar 26 23:18 BRT
Output:
----------------------------------------------------------
Test suite `/home/marina/awesomecompiler/tests/e2//avaliacao_certa_24'
[/home/marina/awesomecompiler/tests/e2//avaliacao_certa_24:2] ./main ./tests/e2/input/certa24.txt
Test suite `/home/marina/awesomecompiler/tests/e2//avaliacao_certa_24.tesh': NOK (</home/marina/awesomecompiler/tests/e2//avaliacao_certa_24.tesh:2> returned code 1)
Output of </home/marina/awesomecompiler/tests/e2//avaliacao_certa_24.tesh:2> so far:
|| syntax error
||  in line 2
Output of </home/marina/awesomecompiler/tests/e2//avaliacao_certa_24.tesh:2> mismatch:
+ syntax error
+  in line 2
Test suite `/home/marina/awesomecompiler/tests/e2//avaliacao_certa_24.tesh': NOK (</home/marina/awesomecompiler/tests/e2//avaliacao_certa_24.tesh:2> output mismatch)
<end of output>
Test time =   0.15 sec
----------------------------------------------------------
Test Failed.
"e2_avaliacao_certa_24" end time: Mar 26 23:18 BRT
"e2_avaliacao_certa_24" time elapsed: 00:00:00
----------------------------------------------------------

58/345 Testing: e2_avaliacao_certa_25
58/345 Test: e2_avaliacao_certa_25
Command: "/usr/bin/perl" "-I" "./tests/scripts" "./tests/scripts/tesh" "/home/marina/awesomecompiler/tests/e2//avaliacao_certa_25.tesh"
Directory: /home/marina/awesomecompiler
"e2_avaliacao_certa_25" start time: Mar 26 23:18 BRT
Output:
----------------------------------------------------------
Test suite `/home/marina/awesomecompiler/tests/e2//avaliacao_certa_25'
[/home/marina/awesomecompiler/tests/e2//avaliacao_certa_25:2] ./main ./tests/e2/input/certa25.txt
Test suite `/home/marina/awesomecompiler/tests/e2//avaliacao_certa_25.tesh': NOK (</home/marina/awesomecompiler/tests/e2//avaliacao_certa_25.tesh:2> returned code 1)
Output of </home/marina/awesomecompiler/tests/e2//avaliacao_certa_25.tesh:2> so far:
|| syntax error
||  in line 1
Output of </home/marina/awesomecompiler/tests/e2//avaliacao_certa_25.tesh:2> mismatch:
+ syntax error
+  in line 1
Test suite `/home/marina/awesomecompiler/tests/e2//avaliacao_certa_25.tesh': NOK (</home/marina/awesomecompiler/tests/e2//avaliacao_certa_25.tesh:2> output mismatch)
<end of output>
Test time =   0.15 sec
----------------------------------------------------------
Test Failed.
"e2_avaliacao_certa_25" end time: Mar 26 23:18 BRT
"e2_avaliacao_certa_25" time elapsed: 00:00:00
----------------------------------------------------------

59/345 Testing: e2_avaliacao_certa_26
59/345 Test: e2_avaliacao_certa_26
Command: "/usr/bin/perl" "-I" "./tests/scripts" "./tests/scripts/tesh" "/home/marina/awesomecompiler/tests/e2//avaliacao_certa_26.tesh"
Directory: /home/marina/awesomecompiler
"e2_avaliacao_certa_26" start time: Mar 26 23:18 BRT
Output:
----------------------------------------------------------
Test suite `/home/marina/awesomecompiler/tests/e2//avaliacao_certa_26'
[/home/marina/awesomecompiler/tests/e2//avaliacao_certa_26:2] ./main ./tests/e2/input/certa26.txt
Test suite `/home/marina/awesomecompiler/tests/e2//avaliacao_certa_26.tesh': NOK (</home/marina/awesomecompiler/tests/e2//avaliacao_certa_26.tesh:2> returned code 1)
Output of </home/marina/awesomecompiler/tests/e2//avaliacao_certa_26.tesh:2> so far:
|| syntax error
||  in line 1
Output of </home/marina/awesomecompiler/tests/e2//avaliacao_certa_26.tesh:2> mismatch:
+ syntax error
+  in line 1
Test suite `/home/marina/awesomecompiler/tests/e2//avaliacao_certa_26.tesh': NOK (</home/marina/awesomecompiler/tests/e2//avaliacao_certa_26.tesh:2> output mismatch)
<end of output>
Test time =   0.15 sec
----------------------------------------------------------
Test Failed.
"e2_avaliacao_certa_26" end time: Mar 26 23:18 BRT
"e2_avaliacao_certa_26" time elapsed: 00:00:00
----------------------------------------------------------

60/345 Testing: e2_avaliacao_errada_01
60/345 Test: e2_avaliacao_errada_01
Command: "/usr/bin/perl" "-I" "./tests/scripts" "./tests/scripts/tesh" "/home/marina/awesomecompiler/tests/e2//avaliacao_errada_01.tesh"
Directory: /home/marina/awesomecompiler
"e2_avaliacao_errada_01" start time: Mar 26 23:18 BRT
Output:
----------------------------------------------------------
Test suite `/home/marina/awesomecompiler/tests/e2//avaliacao_errada_01'
[/home/marina/awesomecompiler/tests/e2//avaliacao_errada_01:4] ./main ./tests/e2/input/errada01.txt
(ignoring the output of </home/marina/awesomecompiler/tests/e2//avaliacao_errada_01.tesh:4> as requested)
Test suite `/home/marina/awesomecompiler/tests/e2//avaliacao_errada_01' OK
<end of output>
Test time =   0.16 sec
----------------------------------------------------------
Test Passed.
"e2_avaliacao_errada_01" end time: Mar 26 23:18 BRT
"e2_avaliacao_errada_01" time elapsed: 00:00:00
----------------------------------------------------------

61/345 Testing: e2_avaliacao_errada_02
61/345 Test: e2_avaliacao_errada_02
Command: "/usr/bin/perl" "-I" "./tests/scripts" "./tests/scripts/tesh" "/home/marina/awesomecompiler/tests/e2//avaliacao_errada_02.tesh"
Directory: /home/marina/awesomecompiler
"e2_avaliacao_errada_02" start time: Mar 26 23:18 BRT
Output:
----------------------------------------------------------
Test suite `/home/marina/awesomecompiler/tests/e2//avaliacao_errada_02'
[/home/marina/awesomecompiler/tests/e2//avaliacao_errada_02:4] ./main ./tests/e2/input/errada02.txt
(ignoring the output of </home/marina/awesomecompiler/tests/e2//avaliacao_errada_02.tesh:4> as requested)
Test suite `/home/marina/awesomecompiler/tests/e2//avaliacao_errada_02' OK
<end of output>
Test time =   0.18 sec
----------------------------------------------------------
Test Passed.
"e2_avaliacao_errada_02" end time: Mar 26 23:18 BRT
"e2_avaliacao_errada_02" time elapsed: 00:00:00
----------------------------------------------------------

62/345 Testing: e2_avaliacao_errada_03
62/345 Test: e2_avaliacao_errada_03
Command: "/usr/bin/perl" "-I" "./tests/scripts" "./tests/scripts/tesh" "/home/marina/awesomecompiler/tests/e2//avaliacao_errada_03.tesh"
Directory: /home/marina/awesomecompiler
"e2_avaliacao_errada_03" start time: Mar 26 23:18 BRT
Output:
----------------------------------------------------------
Test suite `/home/marina/awesomecompiler/tests/e2//avaliacao_errada_03'
[/home/marina/awesomecompiler/tests/e2//avaliacao_errada_03:4] ./main ./tests/e2/input/errada03.txt
(ignoring the output of </home/marina/awesomecompiler/tests/e2//avaliacao_errada_03.tesh:4> as requested)
Test suite `/home/marina/awesomecompiler/tests/e2//avaliacao_errada_03' OK
<end of output>
Test time =   0.16 sec
----------------------------------------------------------
Test Passed.
"e2_avaliacao_errada_03" end time: Mar 26 23:18 BRT
"e2_avaliacao_errada_03" time elapsed: 00:00:00
----------------------------------------------------------

63/345 Testing: e2_avaliacao_errada_04
63/345 Test: e2_avaliacao_errada_04
Command: "/usr/bin/perl" "-I" "./tests/scripts" "./tests/scripts/tesh" "/home/marina/awesomecompiler/tests/e2//avaliacao_errada_04.tesh"
Directory: /home/marina/awesomecompiler
"e2_avaliacao_errada_04" start time: Mar 26 23:18 BRT
Output:
----------------------------------------------------------
Test suite `/home/marina/awesomecompiler/tests/e2//avaliacao_errada_04'
[/home/marina/awesomecompiler/tests/e2//avaliacao_errada_04:4] ./main ./tests/e2/input/errada04.txt
(ignoring the output of </home/marina/awesomecompiler/tests/e2//avaliacao_errada_04.tesh:4> as requested)
Test suite `/home/marina/awesomecompiler/tests/e2//avaliacao_errada_04' OK
<end of output>
Test time =   0.15 sec
----------------------------------------------------------
Test Passed.
"e2_avaliacao_errada_04" end time: Mar 26 23:18 BRT
"e2_avaliacao_errada_04" time elapsed: 00:00:00
----------------------------------------------------------

64/345 Testing: e2_avaliacao_errada_05
64/345 Test: e2_avaliacao_errada_05
Command: "/usr/bin/perl" "-I" "./tests/scripts" "./tests/scripts/tesh" "/home/marina/awesomecompiler/tests/e2//avaliacao_errada_05.tesh"
Directory: /home/marina/awesomecompiler
"e2_avaliacao_errada_05" start time: Mar 26 23:18 BRT
Output:
----------------------------------------------------------
Test suite `/home/marina/awesomecompiler/tests/e2//avaliacao_errada_05'
[/home/marina/awesomecompiler/tests/e2//avaliacao_errada_05:4] ./main ./tests/e2/input/errada05.txt
(ignoring the output of </home/marina/awesomecompiler/tests/e2//avaliacao_errada_05.tesh:4> as requested)
Test suite `/home/marina/awesomecompiler/tests/e2//avaliacao_errada_05' OK
<end of output>
Test time =   0.16 sec
----------------------------------------------------------
Test Passed.
"e2_avaliacao_errada_05" end time: Mar 26 23:18 BRT
"e2_avaliacao_errada_05" time elapsed: 00:00:00
----------------------------------------------------------

65/345 Testing: e2_avaliacao_errada_06
65/345 Test: e2_avaliacao_errada_06
Command: "/usr/bin/perl" "-I" "./tests/scripts" "./tests/scripts/tesh" "/home/marina/awesomecompiler/tests/e2//avaliacao_errada_06.tesh"
Directory: /home/marina/awesomecompiler
"e2_avaliacao_errada_06" start time: Mar 26 23:18 BRT
Output:
----------------------------------------------------------
Test suite `/home/marina/awesomecompiler/tests/e2//avaliacao_errada_06'
[/home/marina/awesomecompiler/tests/e2//avaliacao_errada_06:4] ./main ./tests/e2/input/errada06.txt
(ignoring the output of </home/marina/awesomecompiler/tests/e2//avaliacao_errada_06.tesh:4> as requested)
Test suite `/home/marina/awesomecompiler/tests/e2//avaliacao_errada_06' OK
<end of output>
Test time =   0.16 sec
----------------------------------------------------------
Test Passed.
"e2_avaliacao_errada_06" end time: Mar 26 23:18 BRT
"e2_avaliacao_errada_06" time elapsed: 00:00:00
----------------------------------------------------------

66/345 Testing: e2_avaliacao_errada_07
66/345 Test: e2_avaliacao_errada_07
Command: "/usr/bin/perl" "-I" "./tests/scripts" "./tests/scripts/tesh" "/home/marina/awesomecompiler/tests/e2//avaliacao_errada_07.tesh"
Directory: /home/marina/awesomecompiler
"e2_avaliacao_errada_07" start time: Mar 26 23:18 BRT
Output:
----------------------------------------------------------
Test suite `/home/marina/awesomecompiler/tests/e2//avaliacao_errada_07'
[/home/marina/awesomecompiler/tests/e2//avaliacao_errada_07:4] ./main ./tests/e2/input/errada07.txt
(ignoring the output of </home/marina/awesomecompiler/tests/e2//avaliacao_errada_07.tesh:4> as requested)
Test suite `/home/marina/awesomecompiler/tests/e2//avaliacao_errada_07' OK
<end of output>
Test time =   0.15 sec
----------------------------------------------------------
Test Passed.
"e2_avaliacao_errada_07" end time: Mar 26 23:18 BRT
"e2_avaliacao_errada_07" time elapsed: 00:00:00
----------------------------------------------------------

67/345 Testing: e2_avaliacao_errada_08
67/345 Test: e2_avaliacao_errada_08
Command: "/usr/bin/perl" "-I" "./tests/scripts" "./tests/scripts/tesh" "/home/marina/awesomecompiler/tests/e2//avaliacao_errada_08.tesh"
Directory: /home/marina/awesomecompiler
"e2_avaliacao_errada_08" start time: Mar 26 23:18 BRT
Output:
----------------------------------------------------------
Test suite `/home/marina/awesomecompiler/tests/e2//avaliacao_errada_08'
[/home/marina/awesomecompiler/tests/e2//avaliacao_errada_08:4] ./main ./tests/e2/input/errada08.txt
(ignoring the output of </home/marina/awesomecompiler/tests/e2//avaliacao_errada_08.tesh:4> as requested)
Test suite `/home/marina/awesomecompiler/tests/e2//avaliacao_errada_08' OK
<end of output>
Test time =   0.16 sec
----------------------------------------------------------
Test Passed.
"e2_avaliacao_errada_08" end time: Mar 26 23:18 BRT
"e2_avaliacao_errada_08" time elapsed: 00:00:00
----------------------------------------------------------

68/345 Testing: e2_avaliacao_errada_09
68/345 Test: e2_avaliacao_errada_09
Command: "/usr/bin/perl" "-I" "./tests/scripts" "./tests/scripts/tesh" "/home/marina/awesomecompiler/tests/e2//avaliacao_errada_09.tesh"
Directory: /home/marina/awesomecompiler
"e2_avaliacao_errada_09" start time: Mar 26 23:18 BRT
Output:
----------------------------------------------------------
Test suite `/home/marina/awesomecompiler/tests/e2//avaliacao_errada_09'
[/home/marina/awesomecompiler/tests/e2//avaliacao_errada_09:4] ./main ./tests/e2/input/errada09.txt
(ignoring the output of </home/marina/awesomecompiler/tests/e2//avaliacao_errada_09.tesh:4> as requested)
Test suite `/home/marina/awesomecompiler/tests/e2//avaliacao_errada_09' OK
<end of output>
Test time =   0.15 sec
----------------------------------------------------------
Test Passed.
"e2_avaliacao_errada_09" end time: Mar 26 23:18 BRT
"e2_avaliacao_errada_09" time elapsed: 00:00:00
----------------------------------------------------------

69/345 Testing: e2_avaliacao_errada_10
69/345 Test: e2_avaliacao_errada_10
Command: "/usr/bin/perl" "-I" "./tests/scripts" "./tests/scripts/tesh" "/home/marina/awesomecompiler/tests/e2//avaliacao_errada_10.tesh"
Directory: /home/marina/awesomecompiler
"e2_avaliacao_errada_10" start time: Mar 26 23:18 BRT
Output:
----------------------------------------------------------
Test suite `/home/marina/awesomecompiler/tests/e2//avaliacao_errada_10'
[/home/marina/awesomecompiler/tests/e2//avaliacao_errada_10:4] ./main ./tests/e2/input/errada10.txt
Test suite `/home/marina/awesomecompiler/tests/e2//avaliacao_errada_10.tesh': NOK (</home/marina/awesomecompiler/tests/e2//avaliacao_errada_10.tesh:4> returned code 0)
Output of </home/marina/awesomecompiler/tests/e2//avaliacao_errada_10.tesh:4> so far:
||
(ignoring the output of </home/marina/awesomecompiler/tests/e2//avaliacao_errada_10.tesh:4> as requested)
<end of output>
Test time =   0.15 sec
----------------------------------------------------------
Test Failed.
"e2_avaliacao_errada_10" end time: Mar 26 23:18 BRT
"e2_avaliacao_errada_10" time elapsed: 00:00:00
----------------------------------------------------------

70/345 Testing: e2_avaliacao_errada_11
70/345 Test: e2_avaliacao_errada_11
Command: "/usr/bin/perl" "-I" "./tests/scripts" "./tests/scripts/tesh" "/home/marina/awesomecompiler/tests/e2//avaliacao_errada_11.tesh"
Directory: /home/marina/awesomecompiler
"e2_avaliacao_errada_11" start time: Mar 26 23:18 BRT
Output:
----------------------------------------------------------
Test suite `/home/marina/awesomecompiler/tests/e2//avaliacao_errada_11'
[/home/marina/awesomecompiler/tests/e2//avaliacao_errada_11:4] ./main ./tests/e2/input/errada11.txt
(ignoring the output of </home/marina/awesomecompiler/tests/e2//avaliacao_errada_11.tesh:4> as requested)
Test suite `/home/marina/awesomecompiler/tests/e2//avaliacao_errada_11' OK
<end of output>
Test time =   0.15 sec
----------------------------------------------------------
Test Passed.
"e2_avaliacao_errada_11" end time: Mar 26 23:18 BRT
"e2_avaliacao_errada_11" time elapsed: 00:00:00
----------------------------------------------------------

71/345 Testing: e2_avaliacao_errada_12
71/345 Test: e2_avaliacao_errada_12
Command: "/usr/bin/perl" "-I" "./tests/scripts" "./tests/scripts/tesh" "/home/marina/awesomecompiler/tests/e2//avaliacao_errada_12.tesh"
Directory: /home/marina/awesomecompiler
"e2_avaliacao_errada_12" start time: Mar 26 23:18 BRT
Output:
----------------------------------------------------------
Test suite `/home/marina/awesomecompiler/tests/e2//avaliacao_errada_12'
[/home/marina/awesomecompiler/tests/e2//avaliacao_errada_12:4] ./main ./tests/e2/input/errada12.txt
(ignoring the output of </home/marina/awesomecompiler/tests/e2//avaliacao_errada_12.tesh:4> as requested)
Test suite `/home/marina/awesomecompiler/tests/e2//avaliacao_errada_12' OK
<end of output>
Test time =   0.16 sec
----------------------------------------------------------
Test Passed.
"e2_avaliacao_errada_12" end time: Mar 26 23:18 BRT
"e2_avaliacao_errada_12" time elapsed: 00:00:00
----------------------------------------------------------

72/345 Testing: e2_avaliacao_errada_13
72/345 Test: e2_avaliacao_errada_13
Command: "/usr/bin/perl" "-I" "./tests/scripts" "./tests/scripts/tesh" "/home/marina/awesomecompiler/tests/e2//avaliacao_errada_13.tesh"
Directory: /home/marina/awesomecompiler
"e2_avaliacao_errada_13" start time: Mar 26 23:18 BRT
Output:
----------------------------------------------------------
Test suite `/home/marina/awesomecompiler/tests/e2//avaliacao_errada_13'
[/home/marina/awesomecompiler/tests/e2//avaliacao_errada_13:4] ./main ./tests/e2/input/errada13.txt
(ignoring the output of </home/marina/awesomecompiler/tests/e2//avaliacao_errada_13.tesh:4> as requested)
Test suite `/home/marina/awesomecompiler/tests/e2//avaliacao_errada_13' OK
<end of output>
Test time =   0.15 sec
----------------------------------------------------------
Test Passed.
"e2_avaliacao_errada_13" end time: Mar 26 23:18 BRT
"e2_avaliacao_errada_13" time elapsed: 00:00:00
----------------------------------------------------------

73/345 Testing: e2_avaliacao_errada_14
73/345 Test: e2_avaliacao_errada_14
Command: "/usr/bin/perl" "-I" "./tests/scripts" "./tests/scripts/tesh" "/home/marina/awesomecompiler/tests/e2//avaliacao_errada_14.tesh"
Directory: /home/marina/awesomecompiler
"e2_avaliacao_errada_14" start time: Mar 26 23:18 BRT
Output:
----------------------------------------------------------
Test suite `/home/marina/awesomecompiler/tests/e2//avaliacao_errada_14'
[/home/marina/awesomecompiler/tests/e2//avaliacao_errada_14:4] ./main ./tests/e2/input/errada14.txt
(ignoring the output of </home/marina/awesomecompiler/tests/e2//avaliacao_errada_14.tesh:4> as requested)
Test suite `/home/marina/awesomecompiler/tests/e2//avaliacao_errada_14' OK
<end of output>
Test time =   0.16 sec
----------------------------------------------------------
Test Passed.
"e2_avaliacao_errada_14" end time: Mar 26 23:18 BRT
"e2_avaliacao_errada_14" time elapsed: 00:00:00
----------------------------------------------------------

74/345 Testing: e2_avaliacao_errada_15
74/345 Test: e2_avaliacao_errada_15
Command: "/usr/bin/perl" "-I" "./tests/scripts" "./tests/scripts/tesh" "/home/marina/awesomecompiler/tests/e2//avaliacao_errada_15.tesh"
Directory: /home/marina/awesomecompiler
"e2_avaliacao_errada_15" start time: Mar 26 23:18 BRT
Output:
----------------------------------------------------------
Test suite `/home/marina/awesomecompiler/tests/e2//avaliacao_errada_15'
[/home/marina/awesomecompiler/tests/e2//avaliacao_errada_15:4] ./main ./tests/e2/input/errada15.txt
(ignoring the output of </home/marina/awesomecompiler/tests/e2//avaliacao_errada_15.tesh:4> as requested)
Test suite `/home/marina/awesomecompiler/tests/e2//avaliacao_errada_15' OK
<end of output>
Test time =   0.15 sec
----------------------------------------------------------
Test Passed.
"e2_avaliacao_errada_15" end time: Mar 26 23:18 BRT
"e2_avaliacao_errada_15" time elapsed: 00:00:00
----------------------------------------------------------

75/345 Testing: e2_avaliacao_errada_16
75/345 Test: e2_avaliacao_errada_16
Command: "/usr/bin/perl" "-I" "./tests/scripts" "./tests/scripts/tesh" "/home/marina/awesomecompiler/tests/e2//avaliacao_errada_16.tesh"
Directory: /home/marina/awesomecompiler
"e2_avaliacao_errada_16" start time: Mar 26 23:18 BRT
Output:
----------------------------------------------------------
Test suite `/home/marina/awesomecompiler/tests/e2//avaliacao_errada_16'
[/home/marina/awesomecompiler/tests/e2//avaliacao_errada_16:4] ./main ./tests/e2/input/errada16.txt
(ignoring the output of </home/marina/awesomecompiler/tests/e2//avaliacao_errada_16.tesh:4> as requested)
Test suite `/home/marina/awesomecompiler/tests/e2//avaliacao_errada_16' OK
<end of output>
Test time =   0.15 sec
----------------------------------------------------------
Test Passed.
"e2_avaliacao_errada_16" end time: Mar 26 23:18 BRT
"e2_avaliacao_errada_16" time elapsed: 00:00:00
----------------------------------------------------------

76/345 Testing: e2_avaliacao_errada_17
76/345 Test: e2_avaliacao_errada_17
Command: "/usr/bin/perl" "-I" "./tests/scripts" "./tests/scripts/tesh" "/home/marina/awesomecompiler/tests/e2//avaliacao_errada_17.tesh"
Directory: /home/marina/awesomecompiler
"e2_avaliacao_errada_17" start time: Mar 26 23:18 BRT
Output:
----------------------------------------------------------
Test suite `/home/marina/awesomecompiler/tests/e2//avaliacao_errada_17'
[/home/marina/awesomecompiler/tests/e2//avaliacao_errada_17:4] ./main ./tests/e2/input/errada17.txt
(ignoring the output of </home/marina/awesomecompiler/tests/e2//avaliacao_errada_17.tesh:4> as requested)
Test suite `/home/marina/awesomecompiler/tests/e2//avaliacao_errada_17' OK
<end of output>
Test time =   0.16 sec
----------------------------------------------------------
Test Passed.
"e2_avaliacao_errada_17" end time: Mar 26 23:18 BRT
"e2_avaliacao_errada_17" time elapsed: 00:00:00
----------------------------------------------------------

77/345 Testing: e2_avaliacao_errada_18
77/345 Test: e2_avaliacao_errada_18
Command: "/usr/bin/perl" "-I" "./tests/scripts" "./tests/scripts/tesh" "/home/marina/awesomecompiler/tests/e2//avaliacao_errada_18.tesh"
Directory: /home/marina/awesomecompiler
"e2_avaliacao_errada_18" start time: Mar 26 23:18 BRT
Output:
----------------------------------------------------------
Test suite `/home/marina/awesomecompiler/tests/e2//avaliacao_errada_18'
[/home/marina/awesomecompiler/tests/e2//avaliacao_errada_18:4] ./main ./tests/e2/input/errada18.txt
(ignoring the output of </home/marina/awesomecompiler/tests/e2//avaliacao_errada_18.tesh:4> as requested)
Test suite `/home/marina/awesomecompiler/tests/e2//avaliacao_errada_18' OK
<end of output>
Test time =   0.16 sec
----------------------------------------------------------
Test Passed.
"e2_avaliacao_errada_18" end time: Mar 26 23:18 BRT
"e2_avaliacao_errada_18" time elapsed: 00:00:00
----------------------------------------------------------

78/345 Testing: e2_avaliacao_errada_19
78/345 Test: e2_avaliacao_errada_19
Command: "/usr/bin/perl" "-I" "./tests/scripts" "./tests/scripts/tesh" "/home/marina/awesomecompiler/tests/e2//avaliacao_errada_19.tesh"
Directory: /home/marina/awesomecompiler
"e2_avaliacao_errada_19" start time: Mar 26 23:18 BRT
Output:
----------------------------------------------------------
Test suite `/home/marina/awesomecompiler/tests/e2//avaliacao_errada_19'
[/home/marina/awesomecompiler/tests/e2//avaliacao_errada_19:4] ./main ./tests/e2/input/errada19.txt
(ignoring the output of </home/marina/awesomecompiler/tests/e2//avaliacao_errada_19.tesh:4> as requested)
Test suite `/home/marina/awesomecompiler/tests/e2//avaliacao_errada_19' OK
<end of output>
Test time =   0.15 sec
----------------------------------------------------------
Test Passed.
"e2_avaliacao_errada_19" end time: Mar 26 23:18 BRT
"e2_avaliacao_errada_19" time elapsed: 00:00:00
----------------------------------------------------------

79/345 Testing: e2_avaliacao_errada_20
79/345 Test: e2_avaliacao_errada_20
Command: "/usr/bin/perl" "-I" "./tests/scripts" "./tests/scripts/tesh" "/home/marina/awesomecompiler/tests/e2//avaliacao_errada_20.tesh"
Directory: /home/marina/awesomecompiler
"e2_avaliacao_errada_20" start time: Mar 26 23:18 BRT
Output:
----------------------------------------------------------
Test suite `/home/marina/awesomecompiler/tests/e2//avaliacao_errada_20'
[/home/marina/awesomecompiler/tests/e2//avaliacao_errada_20:4] ./main ./tests/e2/input/errada20.txt
(ignoring the output of </home/marina/awesomecompiler/tests/e2//avaliacao_errada_20.tesh:4> as requested)
Test suite `/home/marina/awesomecompiler/tests/e2//avaliacao_errada_20' OK
<end of output>
Test time =   0.16 sec
----------------------------------------------------------
Test Passed.
"e2_avaliacao_errada_20" end time: Mar 26 23:18 BRT
"e2_avaliacao_errada_20" time elapsed: 00:00:00
----------------------------------------------------------

80/345 Testing: e2_avaliacao_errada_21
80/345 Test: e2_avaliacao_errada_21
Command: "/usr/bin/perl" "-I" "./tests/scripts" "./tests/scripts/tesh" "/home/marina/awesomecompiler/tests/e2//avaliacao_errada_21.tesh"
Directory: /home/marina/awesomecompiler
"e2_avaliacao_errada_21" start time: Mar 26 23:18 BRT
Output:
----------------------------------------------------------
Test suite `/home/marina/awesomecompiler/tests/e2//avaliacao_errada_21'
[/home/marina/awesomecompiler/tests/e2//avaliacao_errada_21:4] ./main ./tests/e2/input/errada21.txt
(ignoring the output of </home/marina/awesomecompiler/tests/e2//avaliacao_errada_21.tesh:4> as requested)
Test suite `/home/marina/awesomecompiler/tests/e2//avaliacao_errada_21' OK
<end of output>
Test time =   0.17 sec
----------------------------------------------------------
Test Passed.
"e2_avaliacao_errada_21" end time: Mar 26 23:18 BRT
"e2_avaliacao_errada_21" time elapsed: 00:00:00
----------------------------------------------------------

81/345 Testing: e2_avaliacao_errada_22
81/345 Test: e2_avaliacao_errada_22
Command: "/usr/bin/perl" "-I" "./tests/scripts" "./tests/scripts/tesh" "/home/marina/awesomecompiler/tests/e2//avaliacao_errada_22.tesh"
Directory: /home/marina/awesomecompiler
"e2_avaliacao_errada_22" start time: Mar 26 23:18 BRT
Output:
----------------------------------------------------------
Test suite `/home/marina/awesomecompiler/tests/e2//avaliacao_errada_22'
[/home/marina/awesomecompiler/tests/e2//avaliacao_errada_22:4] ./main ./tests/e2/input/errada22.txt
(ignoring the output of </home/marina/awesomecompiler/tests/e2//avaliacao_errada_22.tesh:4> as requested)
Test suite `/home/marina/awesomecompiler/tests/e2//avaliacao_errada_22' OK
<end of output>
Test time =   0.18 sec
----------------------------------------------------------
Test Passed.
"e2_avaliacao_errada_22" end time: Mar 26 23:18 BRT
"e2_avaliacao_errada_22" time elapsed: 00:00:00
----------------------------------------------------------

82/345 Testing: e2_avaliacao_errada_23
82/345 Test: e2_avaliacao_errada_23
Command: "/usr/bin/perl" "-I" "./tests/scripts" "./tests/scripts/tesh" "/home/marina/awesomecompiler/tests/e2//avaliacao_errada_23.tesh"
Directory: /home/marina/awesomecompiler
"e2_avaliacao_errada_23" start time: Mar 26 23:18 BRT
Output:
----------------------------------------------------------
Test suite `/home/marina/awesomecompiler/tests/e2//avaliacao_errada_23'
[/home/marina/awesomecompiler/tests/e2//avaliacao_errada_23:4] ./main ./tests/e2/input/errada23.txt
(ignoring the output of </home/marina/awesomecompiler/tests/e2//avaliacao_errada_23.tesh:4> as requested)
Test suite `/home/marina/awesomecompiler/tests/e2//avaliacao_errada_23' OK
<end of output>
Test time =   0.15 sec
----------------------------------------------------------
Test Passed.
"e2_avaliacao_errada_23" end time: Mar 26 23:18 BRT
"e2_avaliacao_errada_23" time elapsed: 00:00:00
----------------------------------------------------------

83/345 Testing: e2_avaliacao_errada_24
83/345 Test: e2_avaliacao_errada_24
Command: "/usr/bin/perl" "-I" "./tests/scripts" "./tests/scripts/tesh" "/home/marina/awesomecompiler/tests/e2//avaliacao_errada_24.tesh"
Directory: /home/marina/awesomecompiler
"e2_avaliacao_errada_24" start time: Mar 26 23:18 BRT
Output:
----------------------------------------------------------
Test suite `/home/marina/awesomecompiler/tests/e2//avaliacao_errada_24'
[/home/marina/awesomecompiler/tests/e2//avaliacao_errada_24:4] ./main ./tests/e2/input/errada24.txt
(ignoring the output of </home/marina/awesomecompiler/tests/e2//avaliacao_errada_24.tesh:4> as requested)
Test suite `/home/marina/awesomecompiler/tests/e2//avaliacao_errada_24' OK
<end of output>
Test time =   0.16 sec
----------------------------------------------------------
Test Passed.
"e2_avaliacao_errada_24" end time: Mar 26 23:18 BRT
"e2_avaliacao_errada_24" time elapsed: 00:00:00
----------------------------------------------------------

84/345 Testing: e2_avaliacao_errada_25
84/345 Test: e2_avaliacao_errada_25
Command: "/usr/bin/perl" "-I" "./tests/scripts" "./tests/scripts/tesh" "/home/marina/awesomecompiler/tests/e2//avaliacao_errada_25.tesh"
Directory: /home/marina/awesomecompiler
"e2_avaliacao_errada_25" start time: Mar 26 23:18 BRT
Output:
----------------------------------------------------------
Test suite `/home/marina/awesomecompiler/tests/e2//avaliacao_errada_25'
[/home/marina/awesomecompiler/tests/e2//avaliacao_errada_25:4] ./main ./tests/e2/input/errada25.txt
(ignoring the output of </home/marina/awesomecompiler/tests/e2//avaliacao_errada_25.tesh:4> as requested)
Test suite `/home/marina/awesomecompiler/tests/e2//avaliacao_errada_25' OK
<end of output>
Test time =   0.15 sec
----------------------------------------------------------
Test Passed.
"e2_avaliacao_errada_25" end time: Mar 26 23:18 BRT
"e2_avaliacao_errada_25" time elapsed: 00:00:00
----------------------------------------------------------

85/345 Testing: e2_avaliacao_errada_26
85/345 Test: e2_avaliacao_errada_26
Command: "/usr/bin/perl" "-I" "./tests/scripts" "./tests/scripts/tesh" "/home/marina/awesomecompiler/tests/e2//avaliacao_errada_26.tesh"
Directory: /home/marina/awesomecompiler
"e2_avaliacao_errada_26" start time: Mar 26 23:18 BRT
Output:
----------------------------------------------------------
Test suite `/home/marina/awesomecompiler/tests/e2//avaliacao_errada_26'
[/home/marina/awesomecompiler/tests/e2//avaliacao_errada_26:4] ./main ./tests/e2/input/errada26.txt
(ignoring the output of </home/marina/awesomecompiler/tests/e2//avaliacao_errada_26.tesh:4> as requested)
Test suite `/home/marina/awesomecompiler/tests/e2//avaliacao_errada_26' OK
<end of output>
Test time =   0.16 sec
----------------------------------------------------------
Test Passed.
"e2_avaliacao_errada_26" end time: Mar 26 23:18 BRT
"e2_avaliacao_errada_26" time elapsed: 00:00:00
----------------------------------------------------------

86/345 Testing: e2_avaliacao_errada_27
86/345 Test: e2_avaliacao_errada_27
Command: "/usr/bin/perl" "-I" "./tests/scripts" "./tests/scripts/tesh" "/home/marina/awesomecompiler/tests/e2//avaliacao_errada_27.tesh"
Directory: /home/marina/awesomecompiler
"e2_avaliacao_errada_27" start time: Mar 26 23:18 BRT
Output:
----------------------------------------------------------
Test suite `/home/marina/awesomecompiler/tests/e2//avaliacao_errada_27'
[/home/marina/awesomecompiler/tests/e2//avaliacao_errada_27:4] ./main ./tests/e2/input/errada27.txt
(ignoring the output of </home/marina/awesomecompiler/tests/e2//avaliacao_errada_27.tesh:4> as requested)
Test suite `/home/marina/awesomecompiler/tests/e2//avaliacao_errada_27' OK
<end of output>
Test time =   0.16 sec
----------------------------------------------------------
Test Passed.
"e2_avaliacao_errada_27" end time: Mar 26 23:18 BRT
"e2_avaliacao_errada_27" time elapsed: 00:00:00
----------------------------------------------------------

87/345 Testing: e2_avaliacao_errada_28
87/345 Test: e2_avaliacao_errada_28
Command: "/usr/bin/perl" "-I" "./tests/scripts" "./tests/scripts/tesh" "/home/marina/awesomecompiler/tests/e2//avaliacao_errada_28.tesh"
Directory: /home/marina/awesomecompiler
"e2_avaliacao_errada_28" start time: Mar 26 23:18 BRT
Output:
----------------------------------------------------------
Test suite `/home/marina/awesomecompiler/tests/e2//avaliacao_errada_28'
[/home/marina/awesomecompiler/tests/e2//avaliacao_errada_28:4] ./main ./tests/e2/input/errada28.txt
(ignoring the output of </home/marina/awesomecompiler/tests/e2//avaliacao_errada_28.tesh:4> as requested)
Test suite `/home/marina/awesomecompiler/tests/e2//avaliacao_errada_28' OK
<end of output>
Test time =   0.17 sec
----------------------------------------------------------
Test Passed.
"e2_avaliacao_errada_28" end time: Mar 26 23:18 BRT
"e2_avaliacao_errada_28" time elapsed: 00:00:00
----------------------------------------------------------

88/345 Testing: e2_avaliacao_errada_29
88/345 Test: e2_avaliacao_errada_29
Command: "/usr/bin/perl" "-I" "./tests/scripts" "./tests/scripts/tesh" "/home/marina/awesomecompiler/tests/e2//avaliacao_errada_29.tesh"
Directory: /home/marina/awesomecompiler
"e2_avaliacao_errada_29" start time: Mar 26 23:18 BRT
Output:
----------------------------------------------------------
Test suite `/home/marina/awesomecompiler/tests/e2//avaliacao_errada_29'
[/home/marina/awesomecompiler/tests/e2//avaliacao_errada_29:4] ./main ./tests/e2/input/errada29.txt
(ignoring the output of </home/marina/awesomecompiler/tests/e2//avaliacao_errada_29.tesh:4> as requested)
Test suite `/home/marina/awesomecompiler/tests/e2//avaliacao_errada_29' OK
<end of output>
Test time =   0.15 sec
----------------------------------------------------------
Test Passed.
"e2_avaliacao_errada_29" end time: Mar 26 23:18 BRT
"e2_avaliacao_errada_29" time elapsed: 00:00:00
----------------------------------------------------------

89/345 Testing: e2_avaliacao_errada_30
89/345 Test: e2_avaliacao_errada_30
Command: "/usr/bin/perl" "-I" "./tests/scripts" "./tests/scripts/tesh" "/home/marina/awesomecompiler/tests/e2//avaliacao_errada_30.tesh"
Directory: /home/marina/awesomecompiler
"e2_avaliacao_errada_30" start time: Mar 26 23:18 BRT
Output:
----------------------------------------------------------
Test suite `/home/marina/awesomecompiler/tests/e2//avaliacao_errada_30'
[/home/marina/awesomecompiler/tests/e2//avaliacao_errada_30:4] ./main ./tests/e2/input/errada30.txt
(ignoring the output of </home/marina/awesomecompiler/tests/e2//avaliacao_errada_30.tesh:4> as requested)
Test suite `/home/marina/awesomecompiler/tests/e2//avaliacao_errada_30' OK
<end of output>
Test time =   0.15 sec
----------------------------------------------------------
Test Passed.
"e2_avaliacao_errada_30" end time: Mar 26 23:18 BRT
"e2_avaliacao_errada_30" time elapsed: 00:00:00
----------------------------------------------------------

90/345 Testing: e2_valgrind_certa_01
90/345 Test: e2_valgrind_certa_01
Command: "/usr/bin/perl" "-I" "./tests/scripts" "./tests/scripts/tesh" "/home/marina/awesomecompiler/tests/e2//valgrind_certa_01.tesh"
Directory: /home/marina/awesomecompiler
"e2_valgrind_certa_01" start time: Mar 26 23:18 BRT
Output:
----------------------------------------------------------
Test suite `/home/marina/awesomecompiler/tests/e2//valgrind_certa_01'
[/home/marina/awesomecompiler/tests/e2//valgrind_certa_01:3] ./tests/scripts/valgrindtest ./main ./tests/e2/input/certa01.txt
(ignoring the output of </home/marina/awesomecompiler/tests/e2//valgrind_certa_01.tesh:3> as requested)
Test suite `/home/marina/awesomecompiler/tests/e2//valgrind_certa_01' OK
<end of output>
Test time =   1.71 sec
----------------------------------------------------------
Test Passed.
"e2_valgrind_certa_01" end time: Mar 26 23:18 BRT
"e2_valgrind_certa_01" time elapsed: 00:00:01
----------------------------------------------------------

91/345 Testing: e2_valgrind_certa_02
91/345 Test: e2_valgrind_certa_02
Command: "/usr/bin/perl" "-I" "./tests/scripts" "./tests/scripts/tesh" "/home/marina/awesomecompiler/tests/e2//valgrind_certa_02.tesh"
Directory: /home/marina/awesomecompiler
"e2_valgrind_certa_02" start time: Mar 26 23:18 BRT
Output:
----------------------------------------------------------
Test suite `/home/marina/awesomecompiler/tests/e2//valgrind_certa_02'
[/home/marina/awesomecompiler/tests/e2//valgrind_certa_02:3] ./tests/scripts/valgrindtest ./main ./tests/e2/input/certa02.txt
(ignoring the output of </home/marina/awesomecompiler/tests/e2//valgrind_certa_02.tesh:3> as requested)
Test suite `/home/marina/awesomecompiler/tests/e2//valgrind_certa_02' OK
<end of output>
Test time =   1.68 sec
----------------------------------------------------------
Test Passed.
"e2_valgrind_certa_02" end time: Mar 26 23:18 BRT
"e2_valgrind_certa_02" time elapsed: 00:00:01
----------------------------------------------------------

92/345 Testing: e2_valgrind_certa_03
92/345 Test: e2_valgrind_certa_03
Command: "/usr/bin/perl" "-I" "./tests/scripts" "./tests/scripts/tesh" "/home/marina/awesomecompiler/tests/e2//valgrind_certa_03.tesh"
Directory: /home/marina/awesomecompiler
"e2_valgrind_certa_03" start time: Mar 26 23:18 BRT
Output:
----------------------------------------------------------
Test suite `/home/marina/awesomecompiler/tests/e2//valgrind_certa_03'
[/home/marina/awesomecompiler/tests/e2//valgrind_certa_03:3] ./tests/scripts/valgrindtest ./main ./tests/e2/input/certa03.txt
(ignoring the output of </home/marina/awesomecompiler/tests/e2//valgrind_certa_03.tesh:3> as requested)
Test suite `/home/marina/awesomecompiler/tests/e2//valgrind_certa_03' OK
<end of output>
Test time =   1.71 sec
----------------------------------------------------------
Test Passed.
"e2_valgrind_certa_03" end time: Mar 26 23:18 BRT
"e2_valgrind_certa_03" time elapsed: 00:00:01
----------------------------------------------------------

93/345 Testing: e2_valgrind_certa_04
93/345 Test: e2_valgrind_certa_04
Command: "/usr/bin/perl" "-I" "./tests/scripts" "./tests/scripts/tesh" "/home/marina/awesomecompiler/tests/e2//valgrind_certa_04.tesh"
Directory: /home/marina/awesomecompiler
"e2_valgrind_certa_04" start time: Mar 26 23:18 BRT
Output:
----------------------------------------------------------
Test suite `/home/marina/awesomecompiler/tests/e2//valgrind_certa_04'
[/home/marina/awesomecompiler/tests/e2//valgrind_certa_04:3] ./tests/scripts/valgrindtest ./main ./tests/e2/input/certa04.txt
(ignoring the output of </home/marina/awesomecompiler/tests/e2//valgrind_certa_04.tesh:3> as requested)
Test suite `/home/marina/awesomecompiler/tests/e2//valgrind_certa_04' OK
<end of output>
Test time =   1.68 sec
----------------------------------------------------------
Test Passed.
"e2_valgrind_certa_04" end time: Mar 26 23:18 BRT
"e2_valgrind_certa_04" time elapsed: 00:00:01
----------------------------------------------------------

94/345 Testing: e2_valgrind_certa_05
94/345 Test: e2_valgrind_certa_05
Command: "/usr/bin/perl" "-I" "./tests/scripts" "./tests/scripts/tesh" "/home/marina/awesomecompiler/tests/e2//valgrind_certa_05.tesh"
Directory: /home/marina/awesomecompiler
"e2_valgrind_certa_05" start time: Mar 26 23:18 BRT
Output:
----------------------------------------------------------
Test suite `/home/marina/awesomecompiler/tests/e2//valgrind_certa_05'
[/home/marina/awesomecompiler/tests/e2//valgrind_certa_05:3] ./tests/scripts/valgrindtest ./main ./tests/e2/input/certa05.txt
(ignoring the output of </home/marina/awesomecompiler/tests/e2//valgrind_certa_05.tesh:3> as requested)
Test suite `/home/marina/awesomecompiler/tests/e2//valgrind_certa_05' OK
<end of output>
Test time =   1.71 sec
----------------------------------------------------------
Test Passed.
"e2_valgrind_certa_05" end time: Mar 26 23:18 BRT
"e2_valgrind_certa_05" time elapsed: 00:00:01
----------------------------------------------------------

95/345 Testing: e2_valgrind_certa_06
95/345 Test: e2_valgrind_certa_06
Command: "/usr/bin/perl" "-I" "./tests/scripts" "./tests/scripts/tesh" "/home/marina/awesomecompiler/tests/e2//valgrind_certa_06.tesh"
Directory: /home/marina/awesomecompiler
"e2_valgrind_certa_06" start time: Mar 26 23:18 BRT
Output:
----------------------------------------------------------
Test suite `/home/marina/awesomecompiler/tests/e2//valgrind_certa_06'
[/home/marina/awesomecompiler/tests/e2//valgrind_certa_06:3] ./tests/scripts/valgrindtest ./main ./tests/e2/input/certa06.txt
(ignoring the output of </home/marina/awesomecompiler/tests/e2//valgrind_certa_06.tesh:3> as requested)
Test suite `/home/marina/awesomecompiler/tests/e2//valgrind_certa_06' OK
<end of output>
Test time =   1.69 sec
----------------------------------------------------------
Test Passed.
"e2_valgrind_certa_06" end time: Mar 26 23:18 BRT
"e2_valgrind_certa_06" time elapsed: 00:00:01
----------------------------------------------------------

96/345 Testing: e2_valgrind_certa_07
96/345 Test: e2_valgrind_certa_07
Command: "/usr/bin/perl" "-I" "./tests/scripts" "./tests/scripts/tesh" "/home/marina/awesomecompiler/tests/e2//valgrind_certa_07.tesh"
Directory: /home/marina/awesomecompiler
"e2_valgrind_certa_07" start time: Mar 26 23:18 BRT
Output:
----------------------------------------------------------
Test suite `/home/marina/awesomecompiler/tests/e2//valgrind_certa_07'
[/home/marina/awesomecompiler/tests/e2//valgrind_certa_07:3] ./tests/scripts/valgrindtest ./main ./tests/e2/input/certa07.txt
(ignoring the output of </home/marina/awesomecompiler/tests/e2//valgrind_certa_07.tesh:3> as requested)
Test suite `/home/marina/awesomecompiler/tests/e2//valgrind_certa_07' OK
<end of output>
Test time =   1.70 sec
----------------------------------------------------------
Test Passed.
"e2_valgrind_certa_07" end time: Mar 26 23:18 BRT
"e2_valgrind_certa_07" time elapsed: 00:00:01
----------------------------------------------------------

97/345 Testing: e2_valgrind_certa_08
97/345 Test: e2_valgrind_certa_08
Command: "/usr/bin/perl" "-I" "./tests/scripts" "./tests/scripts/tesh" "/home/marina/awesomecompiler/tests/e2//valgrind_certa_08.tesh"
Directory: /home/marina/awesomecompiler
"e2_valgrind_certa_08" start time: Mar 26 23:18 BRT
Output:
----------------------------------------------------------
Test suite `/home/marina/awesomecompiler/tests/e2//valgrind_certa_08'
[/home/marina/awesomecompiler/tests/e2//valgrind_certa_08:3] ./tests/scripts/valgrindtest ./main ./tests/e2/input/certa08.txt
(ignoring the output of </home/marina/awesomecompiler/tests/e2//valgrind_certa_08.tesh:3> as requested)
Test suite `/home/marina/awesomecompiler/tests/e2//valgrind_certa_08' OK
<end of output>
Test time =   1.73 sec
----------------------------------------------------------
Test Passed.
"e2_valgrind_certa_08" end time: Mar 26 23:18 BRT
"e2_valgrind_certa_08" time elapsed: 00:00:01
----------------------------------------------------------

98/345 Testing: e2_valgrind_certa_09
98/345 Test: e2_valgrind_certa_09
Command: "/usr/bin/perl" "-I" "./tests/scripts" "./tests/scripts/tesh" "/home/marina/awesomecompiler/tests/e2//valgrind_certa_09.tesh"
Directory: /home/marina/awesomecompiler
"e2_valgrind_certa_09" start time: Mar 26 23:18 BRT
Output:
----------------------------------------------------------
Test suite `/home/marina/awesomecompiler/tests/e2//valgrind_certa_09'
[/home/marina/awesomecompiler/tests/e2//valgrind_certa_09:3] ./tests/scripts/valgrindtest ./main ./tests/e2/input/certa09.txt
(ignoring the output of </home/marina/awesomecompiler/tests/e2//valgrind_certa_09.tesh:3> as requested)
Test suite `/home/marina/awesomecompiler/tests/e2//valgrind_certa_09' OK
<end of output>
Test time =   1.69 sec
----------------------------------------------------------
Test Passed.
"e2_valgrind_certa_09" end time: Mar 26 23:18 BRT
"e2_valgrind_certa_09" time elapsed: 00:00:01
----------------------------------------------------------

99/345 Testing: e2_valgrind_certa_10
99/345 Test: e2_valgrind_certa_10
Command: "/usr/bin/perl" "-I" "./tests/scripts" "./tests/scripts/tesh" "/home/marina/awesomecompiler/tests/e2//valgrind_certa_10.tesh"
Directory: /home/marina/awesomecompiler
"e2_valgrind_certa_10" start time: Mar 26 23:18 BRT
Output:
----------------------------------------------------------
Test suite `/home/marina/awesomecompiler/tests/e2//valgrind_certa_10'
[/home/marina/awesomecompiler/tests/e2//valgrind_certa_10:3] ./tests/scripts/valgrindtest ./main ./tests/e2/input/certa10.txt
(ignoring the output of </home/marina/awesomecompiler/tests/e2//valgrind_certa_10.tesh:3> as requested)
Test suite `/home/marina/awesomecompiler/tests/e2//valgrind_certa_10' OK
<end of output>
Test time =   1.73 sec
----------------------------------------------------------
Test Passed.
"e2_valgrind_certa_10" end time: Mar 26 23:18 BRT
"e2_valgrind_certa_10" time elapsed: 00:00:01
----------------------------------------------------------

100/345 Testing: e2_valgrind_certa_11
100/345 Test: e2_valgrind_certa_11
Command: "/usr/bin/perl" "-I" "./tests/scripts" "./tests/scripts/tesh" "/home/marina/awesomecompiler/tests/e2//valgrind_certa_11.tesh"
Directory: /home/marina/awesomecompiler
"e2_valgrind_certa_11" start time: Mar 26 23:18 BRT
Output:
----------------------------------------------------------
Test suite `/home/marina/awesomecompiler/tests/e2//valgrind_certa_11'
[/home/marina/awesomecompiler/tests/e2//valgrind_certa_11:3] ./tests/scripts/valgrindtest ./main ./tests/e2/input/certa11.txt
(ignoring the output of </home/marina/awesomecompiler/tests/e2//valgrind_certa_11.tesh:3> as requested)
Test suite `/home/marina/awesomecompiler/tests/e2//valgrind_certa_11' OK
<end of output>
Test time =   1.74 sec
----------------------------------------------------------
Test Passed.
"e2_valgrind_certa_11" end time: Mar 26 23:18 BRT
"e2_valgrind_certa_11" time elapsed: 00:00:01
----------------------------------------------------------

101/345 Testing: e2_valgrind_certa_12
101/345 Test: e2_valgrind_certa_12
Command: "/usr/bin/perl" "-I" "./tests/scripts" "./tests/scripts/tesh" "/home/marina/awesomecompiler/tests/e2//valgrind_certa_12.tesh"
Directory: /home/marina/awesomecompiler
"e2_valgrind_certa_12" start time: Mar 26 23:18 BRT
Output:
----------------------------------------------------------
Test suite `/home/marina/awesomecompiler/tests/e2//valgrind_certa_12'
[/home/marina/awesomecompiler/tests/e2//valgrind_certa_12:3] ./tests/scripts/valgrindtest ./main ./tests/e2/input/certa12.txt
(ignoring the output of </home/marina/awesomecompiler/tests/e2//valgrind_certa_12.tesh:3> as requested)
Test suite `/home/marina/awesomecompiler/tests/e2//valgrind_certa_12' OK
<end of output>
Test time =   1.73 sec
----------------------------------------------------------
Test Passed.
"e2_valgrind_certa_12" end time: Mar 26 23:18 BRT
"e2_valgrind_certa_12" time elapsed: 00:00:01
----------------------------------------------------------

102/345 Testing: e2_valgrind_certa_13
102/345 Test: e2_valgrind_certa_13
Command: "/usr/bin/perl" "-I" "./tests/scripts" "./tests/scripts/tesh" "/home/marina/awesomecompiler/tests/e2//valgrind_certa_13.tesh"
Directory: /home/marina/awesomecompiler
"e2_valgrind_certa_13" start time: Mar 26 23:18 BRT
Output:
----------------------------------------------------------
Test suite `/home/marina/awesomecompiler/tests/e2//valgrind_certa_13'
[/home/marina/awesomecompiler/tests/e2//valgrind_certa_13:3] ./tests/scripts/valgrindtest ./main ./tests/e2/input/certa13.txt
(ignoring the output of </home/marina/awesomecompiler/tests/e2//valgrind_certa_13.tesh:3> as requested)
Test suite `/home/marina/awesomecompiler/tests/e2//valgrind_certa_13' OK
<end of output>
Test time =   1.73 sec
----------------------------------------------------------
Test Passed.
"e2_valgrind_certa_13" end time: Mar 26 23:18 BRT
"e2_valgrind_certa_13" time elapsed: 00:00:01
----------------------------------------------------------

103/345 Testing: e2_valgrind_certa_14
103/345 Test: e2_valgrind_certa_14
Command: "/usr/bin/perl" "-I" "./tests/scripts" "./tests/scripts/tesh" "/home/marina/awesomecompiler/tests/e2//valgrind_certa_14.tesh"
Directory: /home/marina/awesomecompiler
"e2_valgrind_certa_14" start time: Mar 26 23:18 BRT
Output:
----------------------------------------------------------
Test suite `/home/marina/awesomecompiler/tests/e2//valgrind_certa_14'
[/home/marina/awesomecompiler/tests/e2//valgrind_certa_14:3] ./tests/scripts/valgrindtest ./main ./tests/e2/input/certa14.txt
(ignoring the output of </home/marina/awesomecompiler/tests/e2//valgrind_certa_14.tesh:3> as requested)
Test suite `/home/marina/awesomecompiler/tests/e2//valgrind_certa_14' OK
<end of output>
Test time =   1.90 sec
----------------------------------------------------------
Test Passed.
"e2_valgrind_certa_14" end time: Mar 26 23:18 BRT
"e2_valgrind_certa_14" time elapsed: 00:00:01
----------------------------------------------------------

104/345 Testing: e2_valgrind_certa_15
104/345 Test: e2_valgrind_certa_15
Command: "/usr/bin/perl" "-I" "./tests/scripts" "./tests/scripts/tesh" "/home/marina/awesomecompiler/tests/e2//valgrind_certa_15.tesh"
Directory: /home/marina/awesomecompiler
"e2_valgrind_certa_15" start time: Mar 26 23:18 BRT
Output:
----------------------------------------------------------
Test suite `/home/marina/awesomecompiler/tests/e2//valgrind_certa_15'
[/home/marina/awesomecompiler/tests/e2//valgrind_certa_15:3] ./tests/scripts/valgrindtest ./main ./tests/e2/input/certa15.txt
(ignoring the output of </home/marina/awesomecompiler/tests/e2//valgrind_certa_15.tesh:3> as requested)
Test suite `/home/marina/awesomecompiler/tests/e2//valgrind_certa_15' OK
<end of output>
Test time =   1.78 sec
----------------------------------------------------------
Test Passed.
"e2_valgrind_certa_15" end time: Mar 26 23:18 BRT
"e2_valgrind_certa_15" time elapsed: 00:00:01
----------------------------------------------------------

105/345 Testing: e2_valgrind_certa_16
105/345 Test: e2_valgrind_certa_16
Command: "/usr/bin/perl" "-I" "./tests/scripts" "./tests/scripts/tesh" "/home/marina/awesomecompiler/tests/e2//valgrind_certa_16.tesh"
Directory: /home/marina/awesomecompiler
"e2_valgrind_certa_16" start time: Mar 26 23:18 BRT
Output:
----------------------------------------------------------
Test suite `/home/marina/awesomecompiler/tests/e2//valgrind_certa_16'
[/home/marina/awesomecompiler/tests/e2//valgrind_certa_16:3] ./tests/scripts/valgrindtest ./main ./tests/e2/input/certa16.txt
[...]
[/home/marina/awesomecompiler/tests/e2//valgrind_errada_11:3] ./tests/scripts/valgrindtest ./main ./tests/e2/input/errada11.txt
(ignoring the output of </home/marina/awesomecompiler/tests/e2//valgrind_errada_11.tesh:3> as requested)
Test suite `/home/marina/awesomecompiler/tests/e2//valgrind_errada_11' OK
<end of output>
Test time =   1.93 sec
----------------------------------------------------------
Test Passed.
"e2_valgrind_errada_11" end time: Mar 26 23:19 BRT
"e2_valgrind_errada_11" time elapsed: 00:00:01
----------------------------------------------------------

127/345 Testing: e2_valgrind_errada_12
127/345 Test: e2_valgrind_errada_12
Command: "/usr/bin/perl" "-I" "./tests/scripts" "./tests/scripts/tesh" "/home/marina/awesomecompiler/tests/e2//valgrind_errada_12.tesh"
Directory: /home/marina/awesomecompiler
"e2_valgrind_errada_12" start time: Mar 26 23:19 BRT
Output:
----------------------------------------------------------
Test suite `/home/marina/awesomecompiler/tests/e2//valgrind_errada_12'
[/home/marina/awesomecompiler/tests/e2//valgrind_errada_12:3] ./tests/scripts/valgrindtest ./main ./tests/e2/input/errada12.txt
(ignoring the output of </home/marina/awesomecompiler/tests/e2//valgrind_errada_12.tesh:3> as requested)
Test suite `/home/marina/awesomecompiler/tests/e2//valgrind_errada_12' OK
<end of output>
Test time =   1.75 sec
----------------------------------------------------------
Test Passed.
"e2_valgrind_errada_12" end time: Mar 26 23:19 BRT
"e2_valgrind_errada_12" time elapsed: 00:00:01
----------------------------------------------------------

128/345 Testing: e2_valgrind_errada_13
128/345 Test: e2_valgrind_errada_13
Command: "/usr/bin/perl" "-I" "./tests/scripts" "./tests/scripts/tesh" "/home/marina/awesomecompiler/tests/e2//valgrind_errada_13.tesh"
Directory: /home/marina/awesomecompiler
"e2_valgrind_errada_13" start time: Mar 26 23:19 BRT
Output:
----------------------------------------------------------
Test suite `/home/marina/awesomecompiler/tests/e2//valgrind_errada_13'
[/home/marina/awesomecompiler/tests/e2//valgrind_errada_13:3] ./tests/scripts/valgrindtest ./main ./tests/e2/input/errada13.txt
(ignoring the output of </home/marina/awesomecompiler/tests/e2//valgrind_errada_13.tesh:3> as requested)
Test suite `/home/marina/awesomecompiler/tests/e2//valgrind_errada_13' OK
<end of output>
Test time =   1.91 sec
----------------------------------------------------------
Test Passed.
"e2_valgrind_errada_13" end time: Mar 26 23:19 BRT
"e2_valgrind_errada_13" time elapsed: 00:00:01
----------------------------------------------------------

129/345 Testing: e2_valgrind_errada_14
129/345 Test: e2_valgrind_errada_14
Command: "/usr/bin/perl" "-I" "./tests/scripts" "./tests/scripts/tesh" "/home/marina/awesomecompiler/tests/e2//valgrind_errada_14.tesh"
Directory: /home/marina/awesomecompiler
"e2_valgrind_errada_14" start time: Mar 26 23:19 BRT
Output:
----------------------------------------------------------
Test suite `/home/marina/awesomecompiler/tests/e2//valgrind_errada_14'
[/home/marina/awesomecompiler/tests/e2//valgrind_errada_14:3] ./tests/scripts/valgrindtest ./main ./tests/e2/input/errada14.txt
(ignoring the output of </home/marina/awesomecompiler/tests/e2//valgrind_errada_14.tesh:3> as requested)
Test suite `/home/marina/awesomecompiler/tests/e2//valgrind_errada_14' OK
<end of output>
Test time =   1.96 sec
----------------------------------------------------------
Test Passed.
"e2_valgrind_errada_14" end time: Mar 26 23:19 BRT
"e2_valgrind_errada_14" time elapsed: 00:00:01
----------------------------------------------------------

130/345 Testing: e2_valgrind_errada_15
130/345 Test: e2_valgrind_errada_15
Command: "/usr/bin/perl" "-I" "./tests/scripts" "./tests/scripts/tesh" "/home/marina/awesomecompiler/tests/e2//valgrind_errada_15.tesh"
Directory: /home/marina/awesomecompiler
"e2_valgrind_errada_15" start time: Mar 26 23:19 BRT
Output:
----------------------------------------------------------
Test suite `/home/marina/awesomecompiler/tests/e2//valgrind_errada_15'
[/home/marina/awesomecompiler/tests/e2//valgrind_errada_15:3] ./tests/scripts/valgrindtest ./main ./tests/e2/input/errada15.txt
(ignoring the output of </home/marina/awesomecompiler/tests/e2//valgrind_errada_15.tesh:3> as requested)
Test suite `/home/marina/awesomecompiler/tests/e2//valgrind_errada_15' OK
<end of output>
Test time =   1.82 sec
----------------------------------------------------------
Test Passed.
"e2_valgrind_errada_15" end time: Mar 26 23:19 BRT
"e2_valgrind_errada_15" time elapsed: 00:00:01
----------------------------------------------------------

131/345 Testing: e2_valgrind_errada_16
131/345 Test: e2_valgrind_errada_16
Command: "/usr/bin/perl" "-I" "./tests/scripts" "./tests/scripts/tesh" "/home/marina/awesomecompiler/tests/e2//valgrind_errada_16.tesh"
Directory: /home/marina/awesomecompiler
"e2_valgrind_errada_16" start time: Mar 26 23:19 BRT
Output:
----------------------------------------------------------
Test suite `/home/marina/awesomecompiler/tests/e2//valgrind_errada_16'
[/home/marina/awesomecompiler/tests/e2//valgrind_errada_16:3] ./tests/scripts/valgrindtest ./main ./tests/e2/input/errada16.txt
(ignoring the output of </home/marina/awesomecompiler/tests/e2//valgrind_errada_16.tesh:3> as requested)
Test suite `/home/marina/awesomecompiler/tests/e2//valgrind_errada_16' OK
<end of output>
Test time =   1.76 sec
----------------------------------------------------------
Test Passed.
"e2_valgrind_errada_16" end time: Mar 26 23:19 BRT
"e2_valgrind_errada_16" time elapsed: 00:00:01
----------------------------------------------------------

132/345 Testing: e2_valgrind_errada_17
132/345 Test: e2_valgrind_errada_17
Command: "/usr/bin/perl" "-I" "./tests/scripts" "./tests/scripts/tesh" "/home/marina/awesomecompiler/tests/e2//valgrind_errada_17.tesh"
Directory: /home/marina/awesomecompiler
"e2_valgrind_errada_17" start time: Mar 26 23:19 BRT
Output:
----------------------------------------------------------
Test suite `/home/marina/awesomecompiler/tests/e2//valgrind_errada_17'
[/home/marina/awesomecompiler/tests/e2//valgrind_errada_17:3] ./tests/scripts/valgrindtest ./main ./tests/e2/input/errada17.txt
(ignoring the output of </home/marina/awesomecompiler/tests/e2//valgrind_errada_17.tesh:3> as requested)
Test suite `/home/marina/awesomecompiler/tests/e2//valgrind_errada_17' OK
<end of output>
Test time =   1.74 sec
----------------------------------------------------------
Test Passed.
"e2_valgrind_errada_17" end time: Mar 26 23:19 BRT
"e2_valgrind_errada_17" time elapsed: 00:00:01
----------------------------------------------------------

133/345 Testing: e2_valgrind_errada_18
133/345 Test: e2_valgrind_errada_18
Command: "/usr/bin/perl" "-I" "./tests/scripts" "./tests/scripts/tesh" "/home/marina/awesomecompiler/tests/e2//valgrind_errada_18.tesh"
Directory: /home/marina/awesomecompiler
"e2_valgrind_errada_18" start time: Mar 26 23:19 BRT
Output:
----------------------------------------------------------
Test suite `/home/marina/awesomecompiler/tests/e2//valgrind_errada_18'
[/home/marina/awesomecompiler/tests/e2//valgrind_errada_18:3] ./tests/scripts/valgrindtest ./main ./tests/e2/input/errada18.txt
(ignoring the output of </home/marina/awesomecompiler/tests/e2//valgrind_errada_18.tesh:3> as requested)
Test suite `/home/marina/awesomecompiler/tests/e2//valgrind_errada_18' OK
<end of output>
Test time =   1.84 sec
----------------------------------------------------------
Test Passed.
"e2_valgrind_errada_18" end time: Mar 26 23:19 BRT
"e2_valgrind_errada_18" time elapsed: 00:00:01
----------------------------------------------------------

134/345 Testing: e2_valgrind_errada_19
134/345 Test: e2_valgrind_errada_19
Command: "/usr/bin/perl" "-I" "./tests/scripts" "./tests/scripts/tesh" "/home/marina/awesomecompiler/tests/e2//valgrind_errada_19.tesh"
Directory: /home/marina/awesomecompiler
"e2_valgrind_errada_19" start time: Mar 26 23:19 BRT
Output:
----------------------------------------------------------
Test suite `/home/marina/awesomecompiler/tests/e2//valgrind_errada_19'
[/home/marina/awesomecompiler/tests/e2//valgrind_errada_19:3] ./tests/scripts/valgrindtest ./main ./tests/e2/input/errada19.txt
(ignoring the output of </home/marina/awesomecompiler/tests/e2//valgrind_errada_19.tesh:3> as requested)
Test suite `/home/marina/awesomecompiler/tests/e2//valgrind_errada_19' OK
<end of output>
Test time =   1.84 sec
----------------------------------------------------------
Test Passed.
"e2_valgrind_errada_19" end time: Mar 26 23:19 BRT
"e2_valgrind_errada_19" time elapsed: 00:00:01
----------------------------------------------------------

135/345 Testing: e2_valgrind_errada_20
135/345 Test: e2_valgrind_errada_20
Command: "/usr/bin/perl" "-I" "./tests/scripts" "./tests/scripts/tesh" "/home/marina/awesomecompiler/tests/e2//valgrind_errada_20.tesh"
Directory: /home/marina/awesomecompiler
"e2_valgrind_errada_20" start time: Mar 26 23:19 BRT
Output:
----------------------------------------------------------
Test suite `/home/marina/awesomecompiler/tests/e2//valgrind_errada_20'
[/home/marina/awesomecompiler/tests/e2//valgrind_errada_20:3] ./tests/scripts/valgrindtest ./main ./tests/e2/input/errada20.txt
(ignoring the output of </home/marina/awesomecompiler/tests/e2//valgrind_errada_20.tesh:3> as requested)
Test suite `/home/marina/awesomecompiler/tests/e2//valgrind_errada_20' OK
<end of output>
Test time =   1.75 sec
----------------------------------------------------------
Test Passed.
"e2_valgrind_errada_20" end time: Mar 26 23:19 BRT
"e2_valgrind_errada_20" time elapsed: 00:00:01
----------------------------------------------------------

136/345 Testing: e2_valgrind_errada_21
136/345 Test: e2_valgrind_errada_21
Command: "/usr/bin/perl" "-I" "./tests/scripts" "./tests/scripts/tesh" "/home/marina/awesomecompiler/tests/e2//valgrind_errada_21.tesh"
Directory: /home/marina/awesomecompiler
"e2_valgrind_errada_21" start time: Mar 26 23:19 BRT
Output:
----------------------------------------------------------
Test suite `/home/marina/awesomecompiler/tests/e2//valgrind_errada_21'
[/home/marina/awesomecompiler/tests/e2//valgrind_errada_21:3] ./tests/scripts/valgrindtest ./main ./tests/e2/input/errada21.txt
(ignoring the output of </home/marina/awesomecompiler/tests/e2//valgrind_errada_21.tesh:3> as requested)
Test suite `/home/marina/awesomecompiler/tests/e2//valgrind_errada_21' OK
<end of output>
Test time =   1.73 sec
----------------------------------------------------------
Test Passed.
"e2_valgrind_errada_21" end time: Mar 26 23:19 BRT
"e2_valgrind_errada_21" time elapsed: 00:00:01
----------------------------------------------------------

137/345 Testing: e2_valgrind_errada_22
137/345 Test: e2_valgrind_errada_22
Command: "/usr/bin/perl" "-I" "./tests/scripts" "./tests/scripts/tesh" "/home/marina/awesomecompiler/tests/e2//valgrind_errada_22.tesh"
Directory: /home/marina/awesomecompiler
"e2_valgrind_errada_22" start time: Mar 26 23:19 BRT
Output:
----------------------------------------------------------
Test suite `/home/marina/awesomecompiler/tests/e2//valgrind_errada_22'
[/home/marina/awesomecompiler/tests/e2//valgrind_errada_22:3] ./tests/scripts/valgrindtest ./main ./tests/e2/input/errada22.txt
(ignoring the output of </home/marina/awesomecompiler/tests/e2//valgrind_errada_22.tesh:3> as requested)
Test suite `/home/marina/awesomecompiler/tests/e2//valgrind_errada_22' OK
<end of output>
Test time =   1.70 sec
----------------------------------------------------------
Test Passed.
"e2_valgrind_errada_22" end time: Mar 26 23:19 BRT
"e2_valgrind_errada_22" time elapsed: 00:00:01
----------------------------------------------------------

138/345 Testing: e2_valgrind_errada_23
138/345 Test: e2_valgrind_errada_23
Command: "/usr/bin/perl" "-I" "./tests/scripts" "./tests/scripts/tesh" "/home/marina/awesomecompiler/tests/e2//valgrind_errada_23.tesh"
Directory: /home/marina/awesomecompiler
"e2_valgrind_errada_23" start time: Mar 26 23:19 BRT
Output:
----------------------------------------------------------
Test suite `/home/marina/awesomecompiler/tests/e2//valgrind_errada_23'
[/home/marina/awesomecompiler/tests/e2//valgrind_errada_23:3] ./tests/scripts/valgrindtest ./main ./tests/e2/input/errada23.txt
(ignoring the output of </home/marina/awesomecompiler/tests/e2//valgrind_errada_23.tesh:3> as requested)
Test suite `/home/marina/awesomecompiler/tests/e2//valgrind_errada_23' OK
<end of output>
Test time =   1.82 sec
----------------------------------------------------------
Test Passed.
"e2_valgrind_errada_23" end time: Mar 26 23:19 BRT
"e2_valgrind_errada_23" time elapsed: 00:00:01
----------------------------------------------------------

139/345 Testing: e2_valgrind_errada_24
139/345 Test: e2_valgrind_errada_24
Command: "/usr/bin/perl" "-I" "./tests/scripts" "./tests/scripts/tesh" "/home/marina/awesomecompiler/tests/e2//valgrind_errada_24.tesh"
Directory: /home/marina/awesomecompiler
"e2_valgrind_errada_24" start time: Mar 26 23:19 BRT
Output:
----------------------------------------------------------
Test suite `/home/marina/awesomecompiler/tests/e2//valgrind_errada_24'
[/home/marina/awesomecompiler/tests/e2//valgrind_errada_24:3] ./tests/scripts/valgrindtest ./main ./tests/e2/input/errada24.txt
(ignoring the output of </home/marina/awesomecompiler/tests/e2//valgrind_errada_24.tesh:3> as requested)
Test suite `/home/marina/awesomecompiler/tests/e2//valgrind_errada_24' OK
<end of output>
Test time =   1.98 sec
----------------------------------------------------------
Test Passed.
"e2_valgrind_errada_24" end time: Mar 26 23:19 BRT
"e2_valgrind_errada_24" time elapsed: 00:00:01
----------------------------------------------------------

140/345 Testing: e2_valgrind_errada_25
140/345 Test: e2_valgrind_errada_25
Command: "/usr/bin/perl" "-I" "./tests/scripts" "./tests/scripts/tesh" "/home/marina/awesomecompiler/tests/e2//valgrind_errada_25.tesh"
Directory: /home/marina/awesomecompiler
"e2_valgrind_errada_25" start time: Mar 26 23:19 BRT
Output:
----------------------------------------------------------
Test suite `/home/marina/awesomecompiler/tests/e2//valgrind_errada_25'
[/home/marina/awesomecompiler/tests/e2//valgrind_errada_25:3] ./tests/scripts/valgrindtest ./main ./tests/e2/input/errada25.txt
(ignoring the output of </home/marina/awesomecompiler/tests/e2//valgrind_errada_25.tesh:3> as requested)
Test suite `/home/marina/awesomecompiler/tests/e2//valgrind_errada_25' OK
<end of output>
Test time =   1.92 sec
----------------------------------------------------------
Test Passed.
"e2_valgrind_errada_25" end time: Mar 26 23:19 BRT
"e2_valgrind_errada_25" time elapsed: 00:00:01
----------------------------------------------------------

141/345 Testing: e2_valgrind_errada_26
141/345 Test: e2_valgrind_errada_26
Command: "/usr/bin/perl" "-I" "./tests/scripts" "./tests/scripts/tesh" "/home/marina/awesomecompiler/tests/e2//valgrind_errada_26.tesh"
Directory: /home/marina/awesomecompiler
"e2_valgrind_errada_26" start time: Mar 26 23:19 BRT
Output:
----------------------------------------------------------
Test suite `/home/marina/awesomecompiler/tests/e2//valgrind_errada_26'
[/home/marina/awesomecompiler/tests/e2//valgrind_errada_26:3] ./tests/scripts/valgrindtest ./main ./tests/e2/input/errada26.txt
(ignoring the output of </home/marina/awesomecompiler/tests/e2//valgrind_errada_26.tesh:3> as requested)
Test suite `/home/marina/awesomecompiler/tests/e2//valgrind_errada_26' OK
<end of output>
Test time =   1.70 sec
----------------------------------------------------------
Test Passed.
"e2_valgrind_errada_26" end time: Mar 26 23:19 BRT
"e2_valgrind_errada_26" time elapsed: 00:00:01
----------------------------------------------------------

142/345 Testing: e2_valgrind_errada_27
142/345 Test: e2_valgrind_errada_27
Command: "/usr/bin/perl" "-I" "./tests/scripts" "./tests/scripts/tesh" "/home/marina/awesomecompiler/tests/e2//valgrind_errada_27.tesh"
Directory: /home/marina/awesomecompiler
"e2_valgrind_errada_27" start time: Mar 26 23:19 BRT
Output:
----------------------------------------------------------
Test suite `/home/marina/awesomecompiler/tests/e2//valgrind_errada_27'
[/home/marina/awesomecompiler/tests/e2//valgrind_errada_27:3] ./tests/scripts/valgrindtest ./main ./tests/e2/input/errada27.txt
(ignoring the output of </home/marina/awesomecompiler/tests/e2//valgrind_errada_27.tesh:3> as requested)
Test suite `/home/marina/awesomecompiler/tests/e2//valgrind_errada_27' OK
<end of output>
Test time =   1.71 sec
----------------------------------------------------------
Test Passed.
"e2_valgrind_errada_27" end time: Mar 26 23:19 BRT
"e2_valgrind_errada_27" time elapsed: 00:00:01
----------------------------------------------------------

143/345 Testing: e2_valgrind_errada_28
143/345 Test: e2_valgrind_errada_28
Command: "/usr/bin/perl" "-I" "./tests/scripts" "./tests/scripts/tesh" "/home/marina/awesomecompiler/tests/e2//valgrind_errada_28.tesh"
Directory: /home/marina/awesomecompiler
"e2_valgrind_errada_28" start time: Mar 26 23:19 BRT
Output:
----------------------------------------------------------
Test suite `/home/marina/awesomecompiler/tests/e2//valgrind_errada_28'
[/home/marina/awesomecompiler/tests/e2//valgrind_errada_28:3] ./tests/scripts/valgrindtest ./main ./tests/e2/input/errada28.txt
(ignoring the output of </home/marina/awesomecompiler/tests/e2//valgrind_errada_28.tesh:3> as requested)
Test suite `/home/marina/awesomecompiler/tests/e2//valgrind_errada_28' OK
<end of output>
Test time =   1.69 sec
----------------------------------------------------------
Test Passed.
"e2_valgrind_errada_28" end time: Mar 26 23:19 BRT
"e2_valgrind_errada_28" time elapsed: 00:00:01
----------------------------------------------------------

144/345 Testing: e2_valgrind_errada_29
144/345 Test: e2_valgrind_errada_29
Command: "/usr/bin/perl" "-I" "./tests/scripts" "./tests/scripts/tesh" "/home/marina/awesomecompiler/tests/e2//valgrind_errada_29.tesh"
Directory: /home/marina/awesomecompiler
"e2_valgrind_errada_29" start time: Mar 26 23:19 BRT
Output:
----------------------------------------------------------
Test suite `/home/marina/awesomecompiler/tests/e2//valgrind_errada_29'
[/home/marina/awesomecompiler/tests/e2//valgrind_errada_29:3] ./tests/scripts/valgrindtest ./main ./tests/e2/input/errada29.txt
(ignoring the output of </home/marina/awesomecompiler/tests/e2//valgrind_errada_29.tesh:3> as requested)
Test suite `/home/marina/awesomecompiler/tests/e2//valgrind_errada_29' OK
<end of output>
Test time =   1.81 sec
----------------------------------------------------------
Test Passed.
"e2_valgrind_errada_29" end time: Mar 26 23:19 BRT
"e2_valgrind_errada_29" time elapsed: 00:00:01
----------------------------------------------------------

145/345 Testing: e2_valgrind_errada_30
145/345 Test: e2_valgrind_errada_30
Command: "/usr/bin/perl" "-I" "./tests/scripts" "./tests/scripts/tesh" "/home/marina/awesomecompiler/tests/e2//valgrind_errada_30.tesh"
Directory: /home/marina/awesomecompiler
"e2_valgrind_errada_30" start time: Mar 26 23:19 BRT
Output:
----------------------------------------------------------
Test suite `/home/marina/awesomecompiler/tests/e2//valgrind_errada_30'
[/home/marina/awesomecompiler/tests/e2//valgrind_errada_30:3] ./tests/scripts/valgrindtest ./main ./tests/e2/input/errada30.txt
(ignoring the output of </home/marina/awesomecompiler/tests/e2//valgrind_errada_30.tesh:3> as requested)
Test suite `/home/marina/awesomecompiler/tests/e2//valgrind_errada_30' OK
<end of output>
Test time =   1.89 sec
----------------------------------------------------------
Test Passed.
"e2_valgrind_errada_30" end time: Mar 26 23:19 BRT
"e2_valgrind_errada_30" time elapsed: 00:00:01
----------------------------------------------------------

End testing: Mar 26 23:19 BRT
